0:0:0:0:0:0:0:1 -  -  [30/Mar/2015:14:19:58 +0000] "GET /solr HTTP/1.1" 302 0 "-" "Mozilla/5.0 (Windows NT 6.1; WOW64) AppleWebKit/537.36 (KHTML, like Gecko) Chrome/41.0.2272.101 Safari/537.36"
0:0:0:0:0:0:0:1 -  -  [30/Mar/2015:14:19:58 +0000] "GET /solr/ HTTP/1.1" 200 467 "-" "Mozilla/5.0 (Windows NT 6.1; WOW64) AppleWebKit/537.36 (KHTML, like Gecko) Chrome/41.0.2272.101 Safari/537.36"
0:0:0:0:0:0:0:1 -  -  [30/Mar/2015:14:20:00 +0000] "GET /solr/admin/solr_small.png HTTP/1.1" 200 7926 "http://localhost:8983/solr/" "Mozilla/5.0 (Windows NT 6.1; WOW64) AppleWebKit/537.36 (KHTML, like Gecko) Chrome/41.0.2272.101 Safari/537.36"
0:0:0:0:0:0:0:1 -  -  [30/Mar/2015:14:20:00 +0000] "GET /solr/solr-admin.css HTTP/1.1" 404 1384 "http://localhost:8983/solr/" "Mozilla/5.0 (Windows NT 6.1; WOW64) AppleWebKit/537.36 (KHTML, like Gecko) Chrome/41.0.2272.101 Safari/537.36"
0:0:0:0:0:0:0:1 -  -  [30/Mar/2015:14:20:00 +0000] "GET /solr/favicon.ico HTTP/1.1" 200 1146 "-" "Mozilla/5.0 (Windows NT 6.1; WOW64) AppleWebKit/537.36 (KHTML, like Gecko) Chrome/41.0.2272.101 Safari/537.36"
0:0:0:0:0:0:0:1 -  -  [30/Mar/2015:14:20:02 +0000] "GET /solr/extension/admin/ HTTP/1.1" 200 2779 "http://localhost:8983/solr/" "Mozilla/5.0 (Windows NT 6.1; WOW64) AppleWebKit/537.36 (KHTML, like Gecko) Chrome/41.0.2272.101 Safari/537.36"
0:0:0:0:0:0:0:1 -  -  [30/Mar/2015:14:20:02 +0000] "GET /solr/extension/admin/solr_small.png HTTP/1.1" 200 7926 "http://localhost:8983/solr/extension/admin/" "Mozilla/5.0 (Windows NT 6.1; WOW64) AppleWebKit/537.36 (KHTML, like Gecko) Chrome/41.0.2272.101 Safari/537.36"
0:0:0:0:0:0:0:1 -  -  [30/Mar/2015:14:20:02 +0000] "GET /solr/extension/admin/solr-admin.css HTTP/1.1" 200 3846 "http://localhost:8983/solr/extension/admin/" "Mozilla/5.0 (Windows NT 6.1; WOW64) AppleWebKit/537.36 (KHTML, like Gecko) Chrome/41.0.2272.101 Safari/537.36"
0:0:0:0:0:0:0:1 -  -  [30/Mar/2015:14:20:02 +0000] "GET /solr/extension/admin/favicon.ico HTTP/1.1" 200 1146 "-" "Mozilla/5.0 (Windows NT 6.1; WOW64) AppleWebKit/537.36 (KHTML, like Gecko) Chrome/41.0.2272.101 Safari/537.36"
0:0:0:0:0:0:0:1 -  -  [30/Mar/2015:14:20:04 +0000] "GET /solr/extension/select/?q=*%3A*&version=2.2&start=0&rows=10&indent=on HTTP/1.1" 200 205 "http://localhost:8983/solr/extension/admin/" "Mozilla/5.0 (Windows NT 6.1; WOW64) AppleWebKit/537.36 (KHTML, like Gecko) Chrome/41.0.2272.101 Safari/537.36"
0:0:0:0:0:0:0:1 -  -  [30/Mar/2015:14:20:04 +0000] "GET /favicon.ico HTTP/1.1" 200 1150 "-" "Mozilla/5.0 (Windows NT 6.1; WOW64) AppleWebKit/537.36 (KHTML, like Gecko) Chrome/41.0.2272.101 Safari/537.36"
0:0:0:0:0:0:0:1 -  -  [30/Mar/2015:14:20:07 +0000] "GET /solr/extension/admin/file/?contentType=text/xml;charset=utf-8&file=schema.xml HTTP/1.1" 200 6528 "http://localhost:8983/solr/extension/admin/" "Mozilla/5.0 (Windows NT 6.1; WOW64) AppleWebKit/537.36 (KHTML, like Gecko) Chrome/41.0.2272.101 Safari/537.36"
0:0:0:0:0:0:0:1 -  -  [30/Mar/2015:15:03:33 +0000] "POST /solr/extension/update HTTP/1.1" 200 148 "-" "-" 
0:0:0:0:0:0:0:1 -  -  [30/Mar/2015:15:03:33 +0000] "POST /solr/extension/update HTTP/1.1" 200 148 "-" "-" 
0:0:0:0:0:0:0:1 -  -  [30/Mar/2015:15:03:33 +0000] "POST /solr/extension/update HTTP/1.1" 200 148 "-" "-" 
0:0:0:0:0:0:0:1 -  -  [30/Mar/2015:15:49:05 +0000] "POST /solr/extension/update HTTP/1.1" 200 149 "-" "-" 
0:0:0:0:0:0:0:1 -  -  [30/Mar/2015:15:49:06 +0000] "POST /solr/extension/update HTTP/1.1" 200 148 "-" "-" 
0:0:0:0:0:0:0:1 -  -  [30/Mar/2015:15:49:14 +0000] "GET /solr HTTP/1.1" 302 0 "-" "Mozilla/5.0 (Windows NT 6.1; WOW64) AppleWebKit/537.36 (KHTML, like Gecko) Chrome/41.0.2272.101 Safari/537.36"
0:0:0:0:0:0:0:1 -  -  [30/Mar/2015:15:49:14 +0000] "GET /solr/ HTTP/1.1" 200 467 "-" "Mozilla/5.0 (Windows NT 6.1; WOW64) AppleWebKit/537.36 (KHTML, like Gecko) Chrome/41.0.2272.101 Safari/537.36"
0:0:0:0:0:0:0:1 -  -  [30/Mar/2015:15:49:15 +0000] "GET /solr/solr-admin.css HTTP/1.1" 404 1384 "http://localhost:8983/solr/" "Mozilla/5.0 (Windows NT 6.1; WOW64) AppleWebKit/537.36 (KHTML, like Gecko) Chrome/41.0.2272.101 Safari/537.36"
0:0:0:0:0:0:0:1 -  -  [30/Mar/2015:15:49:16 +0000] "GET /solr/extension/admin/ HTTP/1.1" 200 2779 "http://localhost:8983/solr/" "Mozilla/5.0 (Windows NT 6.1; WOW64) AppleWebKit/537.36 (KHTML, like Gecko) Chrome/41.0.2272.101 Safari/537.36"
0:0:0:0:0:0:0:1 -  -  [30/Mar/2015:15:49:17 +0000] "GET /solr/extension/select/?q=*%3A*&version=2.2&start=0&rows=10&indent=on HTTP/1.1" 200 707 "http://localhost:8983/solr/extension/admin/" "Mozilla/5.0 (Windows NT 6.1; WOW64) AppleWebKit/537.36 (KHTML, like Gecko) Chrome/41.0.2272.101 Safari/537.36"
0:0:0:0:0:0:0:1 -  -  [30/Mar/2015:15:50:23 +0000] "POST /solr/extension/update HTTP/1.1" 200 149 "-" "-" 
0:0:0:0:0:0:0:1 -  -  [30/Mar/2015:15:51:12 +0000] "POST /solr/extension/update HTTP/1.1" 200 147 "-" "-" 
0:0:0:0:0:0:0:1 -  -  [30/Mar/2015:15:51:15 +0000] "GET /solr/extension/select/?q=*%3A*&version=2.2&start=0&rows=10&indent=on HTTP/1.1" 200 860 "http://localhost:8983/solr/extension/admin/" "Mozilla/5.0 (Windows NT 6.1; WOW64) AppleWebKit/537.36 (KHTML, like Gecko) Chrome/41.0.2272.101 Safari/537.36"
0:0:0:0:0:0:0:1 -  -  [30/Mar/2015:15:51:15 +0000] "GET /favicon.ico HTTP/1.1" 200 1150 "-" "Mozilla/5.0 (Windows NT 6.1; WOW64) AppleWebKit/537.36 (KHTML, like Gecko) Chrome/41.0.2272.101 Safari/537.36"
0:0:0:0:0:0:0:1 -  -  [30/Mar/2015:15:51:17 +0000] "GET /solr/extension/select/?q=*%3A*&version=2.2&start=0&rows=10&indent=on HTTP/1.1" 200 860 "http://localhost:8983/solr/extension/admin/" "Mozilla/5.0 (Windows NT 6.1; WOW64) AppleWebKit/537.36 (KHTML, like Gecko) Chrome/41.0.2272.101 Safari/537.36"
0:0:0:0:0:0:0:1 -  -  [30/Mar/2015:15:51:19 +0000] "GET /solr/extension/select/?q=*%3A*&version=2.2&start=0&rows=10&indent=on HTTP/1.1" 200 860 "http://localhost:8983/solr/extension/admin/" "Mozilla/5.0 (Windows NT 6.1; WOW64) AppleWebKit/537.36 (KHTML, like Gecko) Chrome/41.0.2272.101 Safari/537.36"
0:0:0:0:0:0:0:1 -  -  [30/Mar/2015:15:51:19 +0000] "GET /solr/extension/select/?q=*%3A*&version=2.2&start=0&rows=10&indent=on HTTP/1.1" 200 860 "http://localhost:8983/solr/extension/admin/" "Mozilla/5.0 (Windows NT 6.1; WOW64) AppleWebKit/537.36 (KHTML, like Gecko) Chrome/41.0.2272.101 Safari/537.36"
0:0:0:0:0:0:0:1 -  -  [30/Mar/2015:15:51:20 +0000] "GET /solr/extension/select/?q=*%3A*&version=2.2&start=0&rows=10&indent=on HTTP/1.1" 200 860 "http://localhost:8983/solr/extension/admin/" "Mozilla/5.0 (Windows NT 6.1; WOW64) AppleWebKit/537.36 (KHTML, like Gecko) Chrome/41.0.2272.101 Safari/537.36"
0:0:0:0:0:0:0:1 -  -  [30/Mar/2015:15:51:20 +0000] "GET /solr/extension/select/?q=*%3A*&version=2.2&start=0&rows=10&indent=on HTTP/1.1" 200 860 "http://localhost:8983/solr/extension/admin/" "Mozilla/5.0 (Windows NT 6.1; WOW64) AppleWebKit/537.36 (KHTML, like Gecko) Chrome/41.0.2272.101 Safari/537.36"
0:0:0:0:0:0:0:1 -  -  [30/Mar/2015:15:51:20 +0000] "GET /solr/extension/select/?q=*%3A*&version=2.2&start=0&rows=10&indent=on HTTP/1.1" 200 860 "http://localhost:8983/solr/extension/admin/" "Mozilla/5.0 (Windows NT 6.1; WOW64) AppleWebKit/537.36 (KHTML, like Gecko) Chrome/41.0.2272.101 Safari/537.36"
0:0:0:0:0:0:0:1 -  -  [30/Mar/2015:15:51:28 +0000] "POST /solr/extension/update HTTP/1.1" 200 147 "-" "-" 
0:0:0:0:0:0:0:1 -  -  [30/Mar/2015:15:51:28 +0000] "POST /solr/extension/update HTTP/1.1" 200 148 "-" "-" 
0:0:0:0:0:0:0:1 -  -  [30/Mar/2015:15:51:33 +0000] "GET /solr/extension/select/?q=*%3A*&version=2.2&start=0&rows=10&indent=on HTTP/1.1" 200 860 "http://localhost:8983/solr/extension/admin/" "Mozilla/5.0 (Windows NT 6.1; WOW64) AppleWebKit/537.36 (KHTML, like Gecko) Chrome/41.0.2272.101 Safari/537.36"
0:0:0:0:0:0:0:1 -  -  [30/Mar/2015:15:51:33 +0000] "GET /favicon.ico HTTP/1.1" 304 0 "-" "Mozilla/5.0 (Windows NT 6.1; WOW64) AppleWebKit/537.36 (KHTML, like Gecko) Chrome/41.0.2272.101 Safari/537.36"
0:0:0:0:0:0:0:1 -  -  [30/Mar/2015:15:51:33 +0000] "GET /solr/extension/select/?q=*%3A*&version=2.2&start=0&rows=10&indent=on HTTP/1.1" 200 860 "http://localhost:8983/solr/extension/admin/" "Mozilla/5.0 (Windows NT 6.1; WOW64) AppleWebKit/537.36 (KHTML, like Gecko) Chrome/41.0.2272.101 Safari/537.36"
0:0:0:0:0:0:0:1 -  -  [30/Mar/2015:15:51:34 +0000] "GET /solr/extension/select/?q=*%3A*&version=2.2&start=0&rows=10&indent=on HTTP/1.1" 200 860 "http://localhost:8983/solr/extension/admin/" "Mozilla/5.0 (Windows NT 6.1; WOW64) AppleWebKit/537.36 (KHTML, like Gecko) Chrome/41.0.2272.101 Safari/537.36"
0:0:0:0:0:0:0:1 -  -  [30/Mar/2015:15:56:02 +0000] "GET /solr HTTP/1.1" 302 0 "-" "Mozilla/5.0 (Windows NT 6.1; WOW64) AppleWebKit/537.36 (KHTML, like Gecko) Chrome/41.0.2272.101 Safari/537.36"
0:0:0:0:0:0:0:1 -  -  [30/Mar/2015:15:56:02 +0000] "GET /solr/ HTTP/1.1" 200 467 "-" "Mozilla/5.0 (Windows NT 6.1; WOW64) AppleWebKit/537.36 (KHTML, like Gecko) Chrome/41.0.2272.101 Safari/537.36"
0:0:0:0:0:0:0:1 -  -  [30/Mar/2015:15:56:02 +0000] "GET /solr/solr-admin.css HTTP/1.1" 404 1384 "http://localhost:8983/solr/" "Mozilla/5.0 (Windows NT 6.1; WOW64) AppleWebKit/537.36 (KHTML, like Gecko) Chrome/41.0.2272.101 Safari/537.36"
0:0:0:0:0:0:0:1 -  -  [30/Mar/2015:15:56:04 +0000] "GET /solr/extension/admin/ HTTP/1.1" 200 2779 "http://localhost:8983/solr/" "Mozilla/5.0 (Windows NT 6.1; WOW64) AppleWebKit/537.36 (KHTML, like Gecko) Chrome/41.0.2272.101 Safari/537.36"
0:0:0:0:0:0:0:1 -  -  [30/Mar/2015:15:56:06 +0000] "GET /solr/extension/select/?q=*%3A*&version=2.2&start=0&rows=10&indent=on HTTP/1.1" 304 0 "http://localhost:8983/solr/extension/admin/" "Mozilla/5.0 (Windows NT 6.1; WOW64) AppleWebKit/537.36 (KHTML, like Gecko) Chrome/41.0.2272.101 Safari/537.36"
0:0:0:0:0:0:0:1 -  -  [30/Mar/2015:15:57:25 +0000] "POST /solr/extension/update HTTP/1.1" 200 148 "-" "-" 
0:0:0:0:0:0:0:1 -  -  [30/Mar/2015:15:57:27 +0000] "POST /solr/extension/update HTTP/1.1" 200 148 "-" "-" 
0:0:0:0:0:0:0:1 -  -  [30/Mar/2015:15:57:52 +0000] "GET /solr/extension/select/?q=*%3A*&version=2.2&start=0&rows=10&indent=on HTTP/1.1" 200 204 "http://localhost:8983/solr/extension/admin/" "Mozilla/5.0 (Windows NT 6.1; WOW64) AppleWebKit/537.36 (KHTML, like Gecko) Chrome/41.0.2272.101 Safari/537.36"
0:0:0:0:0:0:0:1 -  -  [30/Mar/2015:15:57:52 +0000] "GET /favicon.ico HTTP/1.1" 304 0 "-" "Mozilla/5.0 (Windows NT 6.1; WOW64) AppleWebKit/537.36 (KHTML, like Gecko) Chrome/41.0.2272.101 Safari/537.36"
