0:0:0:0:0:0:0:1 -  -  [14/Apr/2015:10:21:25 +0000] "GET /solr HTTP/1.1" 302 0 "-" "Mozilla/5.0 (Windows NT 6.1; WOW64) AppleWebKit/537.36 (KHTML, like Gecko) Chrome/41.0.2272.118 Safari/537.36"
0:0:0:0:0:0:0:1 -  -  [14/Apr/2015:10:21:26 +0000] "GET /solr HTTP/1.1" 302 0 "-" "Mozilla/5.0 (Windows NT 6.1; WOW64) AppleWebKit/537.36 (KHTML, like Gecko) Chrome/41.0.2272.118 Safari/537.36"
0:0:0:0:0:0:0:1 -  -  [14/Apr/2015:10:21:26 +0000] "GET /solr/ HTTP/1.1" 200 467 "-" "Mozilla/5.0 (Windows NT 6.1; WOW64) AppleWebKit/537.36 (KHTML, like Gecko) Chrome/41.0.2272.118 Safari/537.36"
0:0:0:0:0:0:0:1 -  -  [14/Apr/2015:10:21:25 +0000] "GET /solr/ HTTP/1.1" 200 467 "-" "Mozilla/5.0 (Windows NT 6.1; WOW64) AppleWebKit/537.36 (KHTML, like Gecko) Chrome/41.0.2272.118 Safari/537.36"
0:0:0:0:0:0:0:1 -  -  [14/Apr/2015:10:21:26 +0000] "GET /solr/solr-admin.css HTTP/1.1" 404 1384 "http://localhost:8983/solr/" "Mozilla/5.0 (Windows NT 6.1; WOW64) AppleWebKit/537.36 (KHTML, like Gecko) Chrome/41.0.2272.118 Safari/537.36"
0:0:0:0:0:0:0:1 -  -  [14/Apr/2015:10:21:26 +0000] "GET /solr/admin/solr_small.png HTTP/1.1" 200 7926 "http://localhost:8983/solr/" "Mozilla/5.0 (Windows NT 6.1; WOW64) AppleWebKit/537.36 (KHTML, like Gecko) Chrome/41.0.2272.118 Safari/537.36"
0:0:0:0:0:0:0:1 -  -  [14/Apr/2015:10:21:26 +0000] "GET /solr/favicon.ico HTTP/1.1" 200 1146 "-" "Mozilla/5.0 (Windows NT 6.1; WOW64) AppleWebKit/537.36 (KHTML, like Gecko) Chrome/41.0.2272.118 Safari/537.36"
0:0:0:0:0:0:0:1 -  -  [14/Apr/2015:10:21:29 +0000] "GET /solr/extension/admin/ HTTP/1.1" 200 2779 "http://localhost:8983/solr/" "Mozilla/5.0 (Windows NT 6.1; WOW64) AppleWebKit/537.36 (KHTML, like Gecko) Chrome/41.0.2272.118 Safari/537.36"
0:0:0:0:0:0:0:1 -  -  [14/Apr/2015:10:21:29 +0000] "GET /solr/extension/admin/solr-admin.css HTTP/1.1" 200 3846 "http://localhost:8983/solr/extension/admin/" "Mozilla/5.0 (Windows NT 6.1; WOW64) AppleWebKit/537.36 (KHTML, like Gecko) Chrome/41.0.2272.118 Safari/537.36"
0:0:0:0:0:0:0:1 -  -  [14/Apr/2015:10:21:29 +0000] "GET /solr/extension/admin/solr_small.png HTTP/1.1" 200 7926 "http://localhost:8983/solr/extension/admin/" "Mozilla/5.0 (Windows NT 6.1; WOW64) AppleWebKit/537.36 (KHTML, like Gecko) Chrome/41.0.2272.118 Safari/537.36"
0:0:0:0:0:0:0:1 -  -  [14/Apr/2015:10:21:29 +0000] "GET /solr/extension/admin/favicon.ico HTTP/1.1" 200 1146 "-" "Mozilla/5.0 (Windows NT 6.1; WOW64) AppleWebKit/537.36 (KHTML, like Gecko) Chrome/41.0.2272.118 Safari/537.36"
0:0:0:0:0:0:0:1 -  -  [14/Apr/2015:10:21:31 +0000] "GET /solr/extension/admin/file/?contentType=text/xml;charset=utf-8&file=schema.xml HTTP/1.1" 200 7029 "http://localhost:8983/solr/extension/admin/" "Mozilla/5.0 (Windows NT 6.1; WOW64) AppleWebKit/537.36 (KHTML, like Gecko) Chrome/41.0.2272.118 Safari/537.36"
0:0:0:0:0:0:0:1 -  -  [14/Apr/2015:10:21:31 +0000] "GET /favicon.ico HTTP/1.1" 200 1150 "-" "Mozilla/5.0 (Windows NT 6.1; WOW64) AppleWebKit/537.36 (KHTML, like Gecko) Chrome/41.0.2272.118 Safari/537.36"
0:0:0:0:0:0:0:1 -  -  [14/Apr/2015:10:31:15 +0000] "POST /solr/extension/update HTTP/1.1" 200 148 "-" "-" 
0:0:0:0:0:0:0:1 -  -  [14/Apr/2015:10:31:16 +0000] "POST /solr/extension/update HTTP/1.1" 500 6072 "-" "-" 
0:0:0:0:0:0:0:1 -  -  [14/Apr/2015:10:34:20 +0000] "POST /solr/extension/update HTTP/1.1" 200 147 "-" "-" 
0:0:0:0:0:0:0:1 -  -  [14/Apr/2015:10:34:20 +0000] "POST /solr/extension/update HTTP/1.1" 400 3864 "-" "-" 
0:0:0:0:0:0:0:1 -  -  [14/Apr/2015:10:35:59 +0000] "GET /solr/extension/select/?q=*%3A*&version=2.2&start=0&rows=10&indent=on HTTP/1.1" 200 204 "http://localhost:8983/solr/extension/admin/" "Mozilla/5.0 (Windows NT 6.1; WOW64) AppleWebKit/537.36 (KHTML, like Gecko) Chrome/41.0.2272.118 Safari/537.36"
0:0:0:0:0:0:0:1 -  -  [14/Apr/2015:10:36:41 +0000] "POST /solr/extension/update HTTP/1.1" 200 148 "-" "-" 
0:0:0:0:0:0:0:1 -  -  [14/Apr/2015:10:36:43 +0000] "POST /solr/extension/update HTTP/1.1" 400 14732 "-" "-" 
0:0:0:0:0:0:0:1 -  -  [14/Apr/2015:10:38:53 +0000] "POST /solr/extension/update HTTP/1.1" 200 148 "-" "-" 
0:0:0:0:0:0:0:1 -  -  [14/Apr/2015:10:38:54 +0000] "POST /solr/extension/update HTTP/1.1" 200 148 "-" "-" 
0:0:0:0:0:0:0:1 -  -  [14/Apr/2015:10:38:55 +0000] "POST /solr/extension/update HTTP/1.1" 200 149 "-" "-" 
0:0:0:0:0:0:0:1 -  -  [14/Apr/2015:10:39:02 +0000] "GET /solr/extension/select/?q=*%3A*&version=2.2&start=0&rows=10&indent=on HTTP/1.1" 200 7809 "http://localhost:8983/solr/extension/admin/" "Mozilla/5.0 (Windows NT 6.1; WOW64) AppleWebKit/537.36 (KHTML, like Gecko) Chrome/41.0.2272.118 Safari/537.36"
0:0:0:0:0:0:0:1 -  -  [14/Apr/2015:10:39:02 +0000] "GET /favicon.ico HTTP/1.1" 200 1150 "-" "Mozilla/5.0 (Windows NT 6.1; WOW64) AppleWebKit/537.36 (KHTML, like Gecko) Chrome/41.0.2272.118 Safari/537.36"
0:0:0:0:0:0:0:1 -  -  [14/Apr/2015:11:24:16 +0000] "GET /solr/extension/select/?q=*%3A*&version=2.2&start=0&rows=10&indent=on HTTP/1.1" 304 0 "-" "Mozilla/5.0 (Windows NT 6.1; WOW64) AppleWebKit/537.36 (KHTML, like Gecko) Chrome/41.0.2272.118 Safari/537.36"
0:0:0:0:0:0:0:1 -  -  [14/Apr/2015:11:31:10 +0000] "GET /solr/extension/select?rows=100000000&q=contenttype%3afeatureshowcase&? HTTP/1.1" 200 7766 "-" "-" 
