0:0:0:0:0:0:0:1 -  -  [15/Jun/2015:11:04:53 +0000] "POST /solr/en/update HTTP/1.1" 404 1379 "-" "-" 
0:0:0:0:0:0:0:1 -  -  [15/Jun/2015:11:05:45 +0000] "GET /solr HTTP/1.1" 302 0 "-" "Mozilla/5.0 (Windows NT 6.1; WOW64) AppleWebKit/537.36 (KHTML, like Gecko) Chrome/43.0.2357.124 Safari/537.36"
0:0:0:0:0:0:0:1 -  -  [15/Jun/2015:11:05:45 +0000] "GET /solr/ HTTP/1.1" 200 467 "-" "Mozilla/5.0 (Windows NT 6.1; WOW64) AppleWebKit/537.36 (KHTML, like Gecko) Chrome/43.0.2357.124 Safari/537.36"
0:0:0:0:0:0:0:1 -  -  [15/Jun/2015:11:05:46 +0000] "GET /solr/solr-admin.css HTTP/1.1" 404 1384 "http://localhost:8983/solr/" "Mozilla/5.0 (Windows NT 6.1; WOW64) AppleWebKit/537.36 (KHTML, like Gecko) Chrome/43.0.2357.124 Safari/537.36"
0:0:0:0:0:0:0:1 -  -  [15/Jun/2015:11:05:46 +0000] "GET /solr/admin/solr_small.png HTTP/1.1" 200 7926 "http://localhost:8983/solr/" "Mozilla/5.0 (Windows NT 6.1; WOW64) AppleWebKit/537.36 (KHTML, like Gecko) Chrome/43.0.2357.124 Safari/537.36"
0:0:0:0:0:0:0:1 -  -  [15/Jun/2015:11:05:46 +0000] "GET /solr/favicon.ico HTTP/1.1" 200 1146 "http://localhost:8983/solr/" "Mozilla/5.0 (Windows NT 6.1; WOW64) AppleWebKit/537.36 (KHTML, like Gecko) Chrome/43.0.2357.124 Safari/537.36"
0:0:0:0:0:0:0:1 -  -  [15/Jun/2015:11:05:48 +0000] "GET /solr/extension/admin/ HTTP/1.1" 200 2800 "http://localhost:8983/solr/" "Mozilla/5.0 (Windows NT 6.1; WOW64) AppleWebKit/537.36 (KHTML, like Gecko) Chrome/43.0.2357.124 Safari/537.36"
0:0:0:0:0:0:0:1 -  -  [15/Jun/2015:11:05:48 +0000] "GET /solr/extension/admin/solr-admin.css HTTP/1.1" 200 3846 "http://localhost:8983/solr/extension/admin/" "Mozilla/5.0 (Windows NT 6.1; WOW64) AppleWebKit/537.36 (KHTML, like Gecko) Chrome/43.0.2357.124 Safari/537.36"
0:0:0:0:0:0:0:1 -  -  [15/Jun/2015:11:05:48 +0000] "GET /solr/extension/admin/solr_small.png HTTP/1.1" 200 7926 "http://localhost:8983/solr/extension/admin/" "Mozilla/5.0 (Windows NT 6.1; WOW64) AppleWebKit/537.36 (KHTML, like Gecko) Chrome/43.0.2357.124 Safari/537.36"
0:0:0:0:0:0:0:1 -  -  [15/Jun/2015:11:05:48 +0000] "GET /solr/extension/admin/favicon.ico HTTP/1.1" 200 1146 "http://localhost:8983/solr/extension/admin/" "Mozilla/5.0 (Windows NT 6.1; WOW64) AppleWebKit/537.36 (KHTML, like Gecko) Chrome/43.0.2357.124 Safari/537.36"
0:0:0:0:0:0:0:1 -  -  [15/Jun/2015:11:07:07 +0000] "GET /solr HTTP/1.1" 302 0 "-" "Mozilla/5.0 (Windows NT 6.1; WOW64) AppleWebKit/537.36 (KHTML, like Gecko) Chrome/43.0.2357.124 Safari/537.36"
0:0:0:0:0:0:0:1 -  -  [15/Jun/2015:11:07:07 +0000] "GET /solr/ HTTP/1.1" 200 453 "-" "Mozilla/5.0 (Windows NT 6.1; WOW64) AppleWebKit/537.36 (KHTML, like Gecko) Chrome/43.0.2357.124 Safari/537.36"
0:0:0:0:0:0:0:1 -  -  [15/Jun/2015:11:07:08 +0000] "GET /solr/solr-admin.css HTTP/1.1" 404 1384 "http://localhost:8983/solr/" "Mozilla/5.0 (Windows NT 6.1; WOW64) AppleWebKit/537.36 (KHTML, like Gecko) Chrome/43.0.2357.124 Safari/537.36"
0:0:0:0:0:0:0:1 -  -  [15/Jun/2015:11:07:09 +0000] "GET /solr/en/admin/ HTTP/1.1" 200 2793 "http://localhost:8983/solr/" "Mozilla/5.0 (Windows NT 6.1; WOW64) AppleWebKit/537.36 (KHTML, like Gecko) Chrome/43.0.2357.124 Safari/537.36"
0:0:0:0:0:0:0:1 -  -  [15/Jun/2015:11:07:09 +0000] "GET /solr/en/admin/solr-admin.css HTTP/1.1" 200 3846 "http://localhost:8983/solr/en/admin/" "Mozilla/5.0 (Windows NT 6.1; WOW64) AppleWebKit/537.36 (KHTML, like Gecko) Chrome/43.0.2357.124 Safari/537.36"
0:0:0:0:0:0:0:1 -  -  [15/Jun/2015:11:07:09 +0000] "GET /solr/en/admin/solr_small.png HTTP/1.1" 200 7926 "http://localhost:8983/solr/en/admin/" "Mozilla/5.0 (Windows NT 6.1; WOW64) AppleWebKit/537.36 (KHTML, like Gecko) Chrome/43.0.2357.124 Safari/537.36"
0:0:0:0:0:0:0:1 -  -  [15/Jun/2015:11:07:09 +0000] "GET /solr/en/admin/favicon.ico HTTP/1.1" 200 1146 "http://localhost:8983/solr/en/admin/" "Mozilla/5.0 (Windows NT 6.1; WOW64) AppleWebKit/537.36 (KHTML, like Gecko) Chrome/43.0.2357.124 Safari/537.36"
0:0:0:0:0:0:0:1 -  -  [15/Jun/2015:11:07:17 +0000] "POST /solr/en/update HTTP/1.1" 200 149 "-" "-" 
0:0:0:0:0:0:0:1 -  -  [15/Jun/2015:11:07:18 +0000] "POST /solr/en/update HTTP/1.1" 400 1427 "-" "-" 
0:0:0:0:0:0:0:1 -  -  [15/Jun/2015:11:07:31 +0000] "POST /solr/en/update HTTP/1.1" 200 147 "-" "-" 
0:0:0:0:0:0:0:1 -  -  [15/Jun/2015:11:07:31 +0000] "POST /solr/en/update HTTP/1.1" 400 1427 "-" "-" 
0:0:0:0:0:0:0:1 -  -  [15/Jun/2015:11:07:43 +0000] "POST /solr/en/update HTTP/1.1" 200 147 "-" "-" 
0:0:0:0:0:0:0:1 -  -  [15/Jun/2015:11:07:44 +0000] "POST /solr/en/update HTTP/1.1" 400 1427 "-" "-" 
0:0:0:0:0:0:0:1 -  -  [15/Jun/2015:11:11:50 +0000] "GET /solr/en/admin/ HTTP/1.1" 200 2793 "-" "Mozilla/5.0 (Windows NT 6.1; WOW64) AppleWebKit/537.36 (KHTML, like Gecko) Chrome/43.0.2357.124 Safari/537.36"
0:0:0:0:0:0:0:1 -  -  [15/Jun/2015:11:12:18 +0000] "POST /solr/en/update HTTP/1.1" 200 148 "-" "-" 
0:0:0:0:0:0:0:1 -  -  [15/Jun/2015:11:12:18 +0000] "POST /solr/en/update HTTP/1.1" 200 148 "-" "-" 
0:0:0:0:0:0:0:1 -  -  [15/Jun/2015:11:12:21 +0000] "POST /solr/en/update HTTP/1.1" 200 149 "-" "-" 
