Apr 14, 2015 4:08:28 PM org.apache.solr.core.SolrResourceLoader locateSolrHome
INFO: JNDI not configured for solr (NoInitialContextEx)
Apr 14, 2015 4:08:28 PM org.apache.solr.core.SolrResourceLoader locateSolrHome
INFO: solr home defaulted to 'solr/' (could not find system property or JNDI)
Apr 14, 2015 4:08:28 PM org.apache.solr.core.SolrResourceLoader <init>
INFO: Solr home set to 'solr/'
Apr 14, 2015 4:08:28 PM org.apache.solr.servlet.SolrDispatchFilter init
INFO: SolrDispatchFilter.init()
Apr 14, 2015 4:08:28 PM org.apache.solr.core.SolrResourceLoader locateSolrHome
INFO: JNDI not configured for solr (NoInitialContextEx)
Apr 14, 2015 4:08:28 PM org.apache.solr.core.SolrResourceLoader locateSolrHome
INFO: solr home defaulted to 'solr/' (could not find system property or JNDI)
Apr 14, 2015 4:08:28 PM org.apache.solr.core.CoreContainer$Initializer initialize
INFO: looking for solr.xml: C:\Projects\Tridion\SS4T\Solr\solr\solr.xml
Apr 14, 2015 4:08:28 PM org.apache.solr.core.SolrResourceLoader locateSolrHome
INFO: JNDI not configured for solr (NoInitialContextEx)
Apr 14, 2015 4:08:28 PM org.apache.solr.core.SolrResourceLoader locateSolrHome
INFO: solr home defaulted to 'solr/' (could not find system property or JNDI)
Apr 14, 2015 4:08:28 PM org.apache.solr.core.CoreContainer <init>
INFO: New CoreContainer: solrHome=solr/ instance=597255128
Apr 14, 2015 4:08:28 PM org.apache.solr.core.SolrResourceLoader <init>
INFO: Solr home set to 'solr/'
Apr 14, 2015 4:08:28 PM org.apache.solr.core.CoreContainer load
INFO: loading shared library: C:\Projects\Tridion\SS4T\Solr\solr\lib
Apr 14, 2015 4:08:28 PM org.apache.solr.core.SolrResourceLoader <init>
INFO: Solr home set to 'solr\extension\'
Apr 14, 2015 4:08:28 PM org.apache.solr.core.SolrConfig <init>
INFO: Using Lucene MatchVersion: LUCENE_31
Apr 14, 2015 4:08:28 PM org.apache.solr.core.SolrConfig <init>
INFO: Loaded SolrConfig: solrconfig.xml
Apr 14, 2015 4:08:28 PM org.apache.solr.core.CoreContainer create
INFO: creating new schema object for core: extension
Apr 14, 2015 4:08:28 PM org.apache.solr.schema.IndexSchema readSchema
INFO: Reading Solr Schema
Apr 14, 2015 4:08:28 PM org.apache.solr.schema.IndexSchema readSchema
INFO: Schema name=SolrSchema
Apr 14, 2015 4:08:28 PM org.apache.solr.util.plugin.AbstractPluginLoader load
INFO: created string: org.apache.solr.schema.StrField
Apr 14, 2015 4:08:28 PM org.apache.solr.util.plugin.AbstractPluginLoader load
INFO: created binary: org.apache.solr.schema.BinaryField
Apr 14, 2015 4:08:28 PM org.apache.solr.util.plugin.AbstractPluginLoader load
INFO: created int: org.apache.solr.schema.TrieIntField
Apr 14, 2015 4:08:28 PM org.apache.solr.util.plugin.AbstractPluginLoader load
INFO: created date: org.apache.solr.schema.TrieDateField
Apr 14, 2015 4:08:28 PM org.apache.solr.util.plugin.AbstractPluginLoader load
INFO: created tdate: org.apache.solr.schema.TrieDateField
Apr 14, 2015 4:08:28 PM org.apache.solr.util.plugin.AbstractPluginLoader load
INFO: created : org.apache.solr.analysis.WhitespaceTokenizerFactory
Apr 14, 2015 4:08:28 PM org.apache.solr.util.plugin.AbstractPluginLoader load
INFO: created : org.apache.solr.analysis.SynonymFilterFactory
Apr 14, 2015 4:08:28 PM org.apache.solr.util.plugin.AbstractPluginLoader load
INFO: created : org.apache.solr.analysis.WordDelimiterFilterFactory
Apr 14, 2015 4:08:28 PM org.apache.solr.util.plugin.AbstractPluginLoader load
INFO: created : org.apache.solr.analysis.LowerCaseFilterFactory
Apr 14, 2015 4:08:28 PM org.apache.solr.util.plugin.AbstractPluginLoader load
INFO: created : org.apache.solr.analysis.StopFilterFactory
Apr 14, 2015 4:08:28 PM org.apache.solr.util.plugin.AbstractPluginLoader load
INFO: created : org.apache.solr.analysis.PorterStemFilterFactory
Apr 14, 2015 4:08:28 PM org.apache.solr.util.plugin.AbstractPluginLoader load
INFO: created : org.apache.solr.analysis.WhitespaceTokenizerFactory
Apr 14, 2015 4:08:28 PM org.apache.solr.util.plugin.AbstractPluginLoader load
INFO: created : org.apache.solr.analysis.SynonymFilterFactory
Apr 14, 2015 4:08:28 PM org.apache.solr.util.plugin.AbstractPluginLoader load
INFO: created : org.apache.solr.analysis.WordDelimiterFilterFactory
Apr 14, 2015 4:08:28 PM org.apache.solr.util.plugin.AbstractPluginLoader load
INFO: created : org.apache.solr.analysis.EdgeNGramFilterFactory
Apr 14, 2015 4:08:28 PM org.apache.solr.util.plugin.AbstractPluginLoader load
INFO: created : org.apache.solr.analysis.LowerCaseFilterFactory
Apr 14, 2015 4:08:28 PM org.apache.solr.util.plugin.AbstractPluginLoader load
INFO: created : org.apache.solr.analysis.PorterStemFilterFactory
Apr 14, 2015 4:08:28 PM org.apache.solr.util.plugin.AbstractPluginLoader load
INFO: created : org.apache.solr.analysis.StopFilterFactory
Apr 14, 2015 4:08:28 PM org.apache.solr.util.plugin.AbstractPluginLoader load
INFO: created text: org.apache.solr.schema.TextField
Apr 14, 2015 4:08:28 PM org.apache.solr.schema.IndexSchema readSchema
INFO: default search field is alltext
Apr 14, 2015 4:08:28 PM org.apache.solr.schema.IndexSchema readSchema
INFO: query parser default operator is OR
Apr 14, 2015 4:08:28 PM org.apache.solr.schema.IndexSchema readSchema
INFO: unique key field: tcmuri
Apr 14, 2015 4:08:29 PM org.apache.solr.core.SolrCore <init>
INFO: [extension] Opening new SolrCore at solr\extension\, dataDir=solr/extension\data\
Apr 14, 2015 4:08:29 PM org.apache.solr.core.SolrCore <init>
INFO: JMX monitoring not detected for core: extension
Apr 14, 2015 4:08:29 PM org.apache.solr.core.RequestHandlers initHandlersFromConfig
INFO: created standard: solr.StandardRequestHandler
Apr 14, 2015 4:08:29 PM org.apache.solr.core.RequestHandlers initHandlersFromConfig
INFO: created /update: solr.XmlUpdateRequestHandler
Apr 14, 2015 4:08:29 PM org.apache.solr.core.RequestHandlers initHandlersFromConfig
INFO: created /admin/: org.apache.solr.handler.admin.AdminHandlers
Apr 14, 2015 4:08:29 PM org.apache.solr.core.RequestHandlers initHandlersFromConfig
INFO: created /select: solr.SearchHandler
Apr 14, 2015 4:08:29 PM org.apache.solr.search.SolrIndexSearcher <init>
INFO: Opening Searcher@124c278f main
Apr 14, 2015 4:08:29 PM org.apache.solr.update.DirectUpdateHandler2$CommitTracker <init>
INFO: AutoCommit: disabled
Apr 14, 2015 4:08:29 PM org.apache.solr.handler.component.SpellCheckComponent inform
INFO: Initializing spell checkers
Apr 14, 2015 4:08:29 PM org.apache.solr.handler.component.SpellCheckComponent inform
INFO: Registering newSearcher listener for spellchecker: default
Apr 14, 2015 4:08:29 PM org.apache.solr.handler.component.SpellCheckComponent inform
WARNING: No queryConverter defined, using default converter
Apr 14, 2015 4:08:29 PM org.apache.solr.handler.component.SearchHandler inform
INFO: Adding  component:org.apache.solr.handler.component.QueryComponent@bef2d72
Apr 14, 2015 4:08:29 PM org.apache.solr.handler.component.SearchHandler inform
INFO: Adding  component:org.apache.solr.handler.component.FacetComponent@69b2283a
Apr 14, 2015 4:08:29 PM org.apache.solr.handler.component.SearchHandler inform
INFO: Adding  component:org.apache.solr.handler.component.MoreLikeThisComponent@22a637e7
Apr 14, 2015 4:08:29 PM org.apache.solr.handler.component.SearchHandler inform
INFO: Adding  component:org.apache.solr.handler.component.HighlightComponent@6fe7aac8
Apr 14, 2015 4:08:29 PM org.apache.solr.handler.component.SearchHandler inform
INFO: Adding  component:org.apache.solr.handler.component.StatsComponent@1d119efb
Apr 14, 2015 4:08:29 PM org.apache.solr.handler.component.SearchHandler inform
INFO: Adding  debug component:org.apache.solr.handler.component.DebugComponent@659a969b
Apr 14, 2015 4:08:29 PM org.apache.solr.handler.component.SearchHandler inform
INFO: Adding  component:org.apache.solr.handler.component.QueryComponent@bef2d72
Apr 14, 2015 4:08:29 PM org.apache.solr.handler.component.SearchHandler inform
INFO: Adding  component:org.apache.solr.handler.component.FacetComponent@69b2283a
Apr 14, 2015 4:08:29 PM org.apache.solr.handler.component.SearchHandler inform
INFO: Adding  component:org.apache.solr.handler.component.MoreLikeThisComponent@22a637e7
Apr 14, 2015 4:08:29 PM org.apache.solr.handler.component.SearchHandler inform
INFO: Adding  component:org.apache.solr.handler.component.HighlightComponent@6fe7aac8
Apr 14, 2015 4:08:29 PM org.apache.solr.handler.component.SearchHandler inform
INFO: Adding  component:org.apache.solr.handler.component.StatsComponent@1d119efb
Apr 14, 2015 4:08:29 PM org.apache.solr.handler.component.SearchHandler inform
INFO: Adding  component:org.apache.solr.handler.component.SpellCheckComponent@3c130745
Apr 14, 2015 4:08:29 PM org.apache.solr.handler.component.SearchHandler inform
INFO: Adding  debug component:org.apache.solr.handler.component.DebugComponent@659a969b
Apr 14, 2015 4:08:29 PM org.apache.solr.core.CoreContainer register
INFO: registering core: extension
Apr 14, 2015 4:08:29 PM org.apache.solr.servlet.SolrDispatchFilter init
INFO: user.dir=C:\Projects\Tridion\SS4T\Solr
Apr 14, 2015 4:08:29 PM org.apache.solr.servlet.SolrDispatchFilter init
INFO: SolrDispatchFilter.init() done
Apr 14, 2015 4:08:29 PM org.apache.solr.core.SolrCore registerSearcher
INFO: [extension] Registered new searcher Searcher@124c278f main
Apr 14, 2015 4:08:29 PM org.apache.solr.servlet.SolrServlet init
INFO: SolrServlet.init()
Apr 14, 2015 4:08:29 PM org.apache.solr.core.SolrResourceLoader locateSolrHome
INFO: JNDI not configured for solr (NoInitialContextEx)
Apr 14, 2015 4:08:29 PM org.apache.solr.core.SolrResourceLoader locateSolrHome
INFO: solr home defaulted to 'solr/' (could not find system property or JNDI)
Apr 14, 2015 4:08:29 PM org.apache.solr.servlet.SolrServlet init
INFO: SolrServlet.init() done
Apr 14, 2015 4:08:29 PM org.apache.solr.core.SolrResourceLoader locateSolrHome
INFO: JNDI not configured for solr (NoInitialContextEx)
Apr 14, 2015 4:08:29 PM org.apache.solr.core.SolrResourceLoader locateSolrHome
INFO: solr home defaulted to 'solr/' (could not find system property or JNDI)
Apr 14, 2015 4:08:29 PM org.apache.solr.servlet.SolrUpdateServlet init
INFO: SolrUpdateServlet.init() done
Apr 14, 2015 4:08:53 PM org.apache.solr.core.SolrDeletionPolicy onInit
INFO: SolrDeletionPolicy.onInit: commits:num=1
	commit{dir=C:\Projects\Tridion\SS4T\Solr\solr\extension\data\index,segFN=segments_1,version=1429006878016,generation=1,filenames=[segments_1]
Apr 14, 2015 4:08:53 PM org.apache.solr.core.SolrDeletionPolicy updateCommits
INFO: newest commit = 1429006878016
Apr 14, 2015 4:08:53 PM org.apache.solr.update.processor.LogUpdateProcessor finish
INFO: {deleteByQuery=(tcmuri:tcm\:15\-15460 OR tcmuri:tcm\:15\-15460)} 0 60
Apr 14, 2015 4:08:53 PM org.apache.solr.core.SolrCore execute
INFO: [extension] webapp=/solr path=/update params={} status=0 QTime=60 
Apr 14, 2015 4:08:54 PM org.apache.solr.update.processor.LogUpdateProcessor finish
INFO: {add=[tcm:15-15460]} 0 20
Apr 14, 2015 4:08:54 PM org.apache.solr.core.SolrCore execute
INFO: [extension] webapp=/solr path=/update params={} status=0 QTime=20 
Apr 14, 2015 4:08:55 PM org.apache.solr.update.DirectUpdateHandler2 commit
INFO: start commit(optimize=false,waitFlush=true,waitSearcher=true,expungeDeletes=false)
Apr 14, 2015 4:08:56 PM org.apache.solr.core.SolrDeletionPolicy onCommit
INFO: SolrDeletionPolicy.onCommit: commits:num=2
	commit{dir=C:\Projects\Tridion\SS4T\Solr\solr\extension\data\index,segFN=segments_1,version=1429006878016,generation=1,filenames=[segments_1]
	commit{dir=C:\Projects\Tridion\SS4T\Solr\solr\extension\data\index,segFN=segments_2,version=1429006878018,generation=2,filenames=[_0.tii, _0.tis, segments_2, _0.fdx, _0.nrm, _0.fdt, _0.fnm, _0.frq]
Apr 14, 2015 4:08:56 PM org.apache.solr.core.SolrDeletionPolicy updateCommits
INFO: newest commit = 1429006878018
Apr 14, 2015 4:08:56 PM org.apache.solr.search.SolrIndexSearcher <init>
INFO: Opening Searcher@7e204cda main
Apr 14, 2015 4:08:56 PM org.apache.solr.update.DirectUpdateHandler2 commit
INFO: end_commit_flush
Apr 14, 2015 4:08:56 PM org.apache.solr.search.SolrIndexSearcher warm
INFO: autowarming Searcher@7e204cda main from Searcher@124c278f main
	fieldValueCache{lookups=0,hits=0,hitratio=0.00,inserts=0,evictions=0,size=0,warmupTime=0,cumulative_lookups=0,cumulative_hits=0,cumulative_hitratio=0.00,cumulative_inserts=0,cumulative_evictions=0}
Apr 14, 2015 4:08:56 PM org.apache.solr.search.SolrIndexSearcher warm
INFO: autowarming result for Searcher@7e204cda main
	fieldValueCache{lookups=0,hits=0,hitratio=0.00,inserts=0,evictions=0,size=0,warmupTime=0,cumulative_lookups=0,cumulative_hits=0,cumulative_hitratio=0.00,cumulative_inserts=0,cumulative_evictions=0}
Apr 14, 2015 4:08:56 PM org.apache.solr.handler.component.SpellCheckComponent$SpellCheckerListener buildSpellIndex
INFO: Building spell index for spell checker: default
Apr 14, 2015 4:08:56 PM org.apache.solr.core.SolrCore registerSearcher
INFO: [extension] Registered new searcher Searcher@7e204cda main
Apr 14, 2015 4:08:56 PM org.apache.solr.search.SolrIndexSearcher close
INFO: Closing Searcher@124c278f main
	fieldValueCache{lookups=0,hits=0,hitratio=0.00,inserts=0,evictions=0,size=0,warmupTime=0,cumulative_lookups=0,cumulative_hits=0,cumulative_hitratio=0.00,cumulative_inserts=0,cumulative_evictions=0}
Apr 14, 2015 4:08:56 PM org.apache.solr.update.processor.LogUpdateProcessor finish
INFO: {commit=} 0 118
Apr 14, 2015 4:08:56 PM org.apache.solr.core.SolrCore execute
INFO: [extension] webapp=/solr path=/update params={} status=0 QTime=118 
Apr 14, 2015 4:09:02 PM org.apache.solr.core.SolrCore execute
INFO: [extension] webapp=/solr path=/select/ params={start=0&q=*:*&rows=10&indent=on&version=2.2} hits=1 status=0 QTime=8 
Apr 14, 2015 5:01:10 PM org.apache.solr.core.SolrCore execute
INFO: [extension] webapp=/solr path=/select params={rows=100000000&q=contenttype:featureshowcase&?=} hits=1 status=0 QTime=10 
