Mar 30, 2015 9:18:53 PM org.apache.solr.core.SolrResourceLoader locateSolrHome
INFO: JNDI not configured for solr (NoInitialContextEx)
Mar 30, 2015 9:18:53 PM org.apache.solr.core.SolrResourceLoader locateSolrHome
INFO: solr home defaulted to 'solr/' (could not find system property or JNDI)
Mar 30, 2015 9:18:53 PM org.apache.solr.core.SolrResourceLoader <init>
INFO: Solr home set to 'solr/'
Mar 30, 2015 9:18:53 PM org.apache.solr.servlet.SolrDispatchFilter init
INFO: SolrDispatchFilter.init()
Mar 30, 2015 9:18:53 PM org.apache.solr.core.SolrResourceLoader locateSolrHome
INFO: JNDI not configured for solr (NoInitialContextEx)
Mar 30, 2015 9:18:53 PM org.apache.solr.core.SolrResourceLoader locateSolrHome
INFO: solr home defaulted to 'solr/' (could not find system property or JNDI)
Mar 30, 2015 9:18:53 PM org.apache.solr.core.CoreContainer$Initializer initialize
INFO: looking for solr.xml: C:\Projects\Tridion\SS4T\Solr\solr\solr.xml
Mar 30, 2015 9:18:53 PM org.apache.solr.core.SolrResourceLoader locateSolrHome
INFO: JNDI not configured for solr (NoInitialContextEx)
Mar 30, 2015 9:18:53 PM org.apache.solr.core.SolrResourceLoader locateSolrHome
INFO: solr home defaulted to 'solr/' (could not find system property or JNDI)
Mar 30, 2015 9:18:53 PM org.apache.solr.core.CoreContainer <init>
INFO: New CoreContainer: solrHome=solr/ instance=597255128
Mar 30, 2015 9:18:53 PM org.apache.solr.core.SolrResourceLoader <init>
INFO: Solr home set to 'solr/'
Mar 30, 2015 9:18:53 PM org.apache.solr.core.CoreContainer load
INFO: loading shared library: C:\Projects\Tridion\SS4T\Solr\solr\lib
Mar 30, 2015 9:18:53 PM org.apache.solr.core.SolrResourceLoader <init>
INFO: Solr home set to 'solr\extension\'
Mar 30, 2015 9:18:53 PM org.apache.solr.core.SolrConfig <init>
INFO: Using Lucene MatchVersion: LUCENE_31
Mar 30, 2015 9:18:53 PM org.apache.solr.core.SolrConfig <init>
INFO: Loaded SolrConfig: solrconfig.xml
Mar 30, 2015 9:18:53 PM org.apache.solr.core.CoreContainer create
INFO: creating new schema object for core: extension
Mar 30, 2015 9:18:53 PM org.apache.solr.schema.IndexSchema readSchema
INFO: Reading Solr Schema
Mar 30, 2015 9:18:53 PM org.apache.solr.schema.IndexSchema readSchema
INFO: Schema name=SolrSchema
Mar 30, 2015 9:18:53 PM org.apache.solr.util.plugin.AbstractPluginLoader load
INFO: created string: org.apache.solr.schema.StrField
Mar 30, 2015 9:18:53 PM org.apache.solr.util.plugin.AbstractPluginLoader load
INFO: created binary: org.apache.solr.schema.BinaryField
Mar 30, 2015 9:18:53 PM org.apache.solr.util.plugin.AbstractPluginLoader load
INFO: created int: org.apache.solr.schema.TrieIntField
Mar 30, 2015 9:18:53 PM org.apache.solr.util.plugin.AbstractPluginLoader load
INFO: created date: org.apache.solr.schema.TrieDateField
Mar 30, 2015 9:18:53 PM org.apache.solr.util.plugin.AbstractPluginLoader load
INFO: created tdate: org.apache.solr.schema.TrieDateField
Mar 30, 2015 9:18:53 PM org.apache.solr.util.plugin.AbstractPluginLoader load
INFO: created : org.apache.solr.analysis.WhitespaceTokenizerFactory
Mar 30, 2015 9:18:53 PM org.apache.solr.util.plugin.AbstractPluginLoader load
INFO: created : org.apache.solr.analysis.SynonymFilterFactory
Mar 30, 2015 9:18:53 PM org.apache.solr.util.plugin.AbstractPluginLoader load
INFO: created : org.apache.solr.analysis.WordDelimiterFilterFactory
Mar 30, 2015 9:18:53 PM org.apache.solr.util.plugin.AbstractPluginLoader load
INFO: created : org.apache.solr.analysis.LowerCaseFilterFactory
Mar 30, 2015 9:18:53 PM org.apache.solr.util.plugin.AbstractPluginLoader load
INFO: created : org.apache.solr.analysis.StopFilterFactory
Mar 30, 2015 9:18:53 PM org.apache.solr.util.plugin.AbstractPluginLoader load
INFO: created : org.apache.solr.analysis.PorterStemFilterFactory
Mar 30, 2015 9:18:53 PM org.apache.solr.util.plugin.AbstractPluginLoader load
INFO: created : org.apache.solr.analysis.WhitespaceTokenizerFactory
Mar 30, 2015 9:18:53 PM org.apache.solr.util.plugin.AbstractPluginLoader load
INFO: created : org.apache.solr.analysis.SynonymFilterFactory
Mar 30, 2015 9:18:53 PM org.apache.solr.util.plugin.AbstractPluginLoader load
INFO: created : org.apache.solr.analysis.WordDelimiterFilterFactory
Mar 30, 2015 9:18:53 PM org.apache.solr.util.plugin.AbstractPluginLoader load
INFO: created : org.apache.solr.analysis.EdgeNGramFilterFactory
Mar 30, 2015 9:18:53 PM org.apache.solr.util.plugin.AbstractPluginLoader load
INFO: created : org.apache.solr.analysis.LowerCaseFilterFactory
Mar 30, 2015 9:18:53 PM org.apache.solr.util.plugin.AbstractPluginLoader load
INFO: created : org.apache.solr.analysis.PorterStemFilterFactory
Mar 30, 2015 9:18:53 PM org.apache.solr.util.plugin.AbstractPluginLoader load
INFO: created : org.apache.solr.analysis.StopFilterFactory
Mar 30, 2015 9:18:53 PM org.apache.solr.util.plugin.AbstractPluginLoader load
INFO: created text: org.apache.solr.schema.TextField
Mar 30, 2015 9:18:53 PM org.apache.solr.schema.IndexSchema readSchema
INFO: default search field is alltext
Mar 30, 2015 9:18:53 PM org.apache.solr.schema.IndexSchema readSchema
INFO: query parser default operator is OR
Mar 30, 2015 9:18:53 PM org.apache.solr.schema.IndexSchema readSchema
INFO: unique key field: tcmuri
Mar 30, 2015 9:18:53 PM org.apache.solr.core.SolrCore <init>
INFO: [extension] Opening new SolrCore at solr\extension\, dataDir=solr/extension\data\
Mar 30, 2015 9:18:53 PM org.apache.solr.core.SolrCore <init>
INFO: JMX monitoring not detected for core: extension
Mar 30, 2015 9:18:53 PM org.apache.solr.core.RequestHandlers initHandlersFromConfig
INFO: created standard: solr.StandardRequestHandler
Mar 30, 2015 9:18:53 PM org.apache.solr.core.RequestHandlers initHandlersFromConfig
INFO: created /update: solr.XmlUpdateRequestHandler
Mar 30, 2015 9:18:53 PM org.apache.solr.core.RequestHandlers initHandlersFromConfig
INFO: created /admin/: org.apache.solr.handler.admin.AdminHandlers
Mar 30, 2015 9:18:53 PM org.apache.solr.core.RequestHandlers initHandlersFromConfig
INFO: created /select: solr.SearchHandler
Mar 30, 2015 9:18:54 PM org.apache.solr.search.SolrIndexSearcher <init>
INFO: Opening Searcher@6e0dec4a main
Mar 30, 2015 9:18:54 PM org.apache.solr.update.DirectUpdateHandler2$CommitTracker <init>
INFO: AutoCommit: disabled
Mar 30, 2015 9:18:54 PM org.apache.solr.handler.component.SpellCheckComponent inform
INFO: Initializing spell checkers
Mar 30, 2015 9:18:54 PM org.apache.solr.handler.component.SpellCheckComponent inform
INFO: Registering newSearcher listener for spellchecker: default
Mar 30, 2015 9:18:54 PM org.apache.solr.handler.component.SpellCheckComponent inform
WARNING: No queryConverter defined, using default converter
Mar 30, 2015 9:18:54 PM org.apache.solr.handler.component.SearchHandler inform
INFO: Adding  component:org.apache.solr.handler.component.QueryComponent@654f0d9c
Mar 30, 2015 9:18:54 PM org.apache.solr.handler.component.SearchHandler inform
INFO: Adding  component:org.apache.solr.handler.component.FacetComponent@6a400542
Mar 30, 2015 9:18:54 PM org.apache.solr.handler.component.SearchHandler inform
INFO: Adding  component:org.apache.solr.handler.component.MoreLikeThisComponent@6580cfdd
Mar 30, 2015 9:18:54 PM org.apache.solr.handler.component.SearchHandler inform
INFO: Adding  component:org.apache.solr.handler.component.HighlightComponent@7e0b85f9
Mar 30, 2015 9:18:54 PM org.apache.solr.handler.component.SearchHandler inform
INFO: Adding  component:org.apache.solr.handler.component.StatsComponent@63355449
Mar 30, 2015 9:18:54 PM org.apache.solr.handler.component.SearchHandler inform
INFO: Adding  debug component:org.apache.solr.handler.component.DebugComponent@9353778
Mar 30, 2015 9:18:54 PM org.apache.solr.handler.component.SearchHandler inform
INFO: Adding  component:org.apache.solr.handler.component.QueryComponent@654f0d9c
Mar 30, 2015 9:18:54 PM org.apache.solr.handler.component.SearchHandler inform
INFO: Adding  component:org.apache.solr.handler.component.FacetComponent@6a400542
Mar 30, 2015 9:18:54 PM org.apache.solr.handler.component.SearchHandler inform
INFO: Adding  component:org.apache.solr.handler.component.MoreLikeThisComponent@6580cfdd
Mar 30, 2015 9:18:54 PM org.apache.solr.handler.component.SearchHandler inform
INFO: Adding  component:org.apache.solr.handler.component.HighlightComponent@7e0b85f9
Mar 30, 2015 9:18:54 PM org.apache.solr.handler.component.SearchHandler inform
INFO: Adding  component:org.apache.solr.handler.component.StatsComponent@63355449
Mar 30, 2015 9:18:54 PM org.apache.solr.handler.component.SearchHandler inform
INFO: Adding  component:org.apache.solr.handler.component.SpellCheckComponent@50b472aa
Mar 30, 2015 9:18:54 PM org.apache.solr.handler.component.SearchHandler inform
INFO: Adding  debug component:org.apache.solr.handler.component.DebugComponent@9353778
Mar 30, 2015 9:18:54 PM org.apache.solr.core.SolrCore registerSearcher
INFO: [extension] Registered new searcher Searcher@6e0dec4a main
Mar 30, 2015 9:18:54 PM org.apache.solr.core.CoreContainer register
INFO: registering core: extension
Mar 30, 2015 9:18:54 PM org.apache.solr.servlet.SolrDispatchFilter init
INFO: user.dir=C:\Projects\Tridion\SS4T\Solr
Mar 30, 2015 9:18:54 PM org.apache.solr.servlet.SolrDispatchFilter init
INFO: SolrDispatchFilter.init() done
Mar 30, 2015 9:18:54 PM org.apache.solr.servlet.SolrServlet init
INFO: SolrServlet.init()
Mar 30, 2015 9:18:54 PM org.apache.solr.core.SolrResourceLoader locateSolrHome
INFO: JNDI not configured for solr (NoInitialContextEx)
Mar 30, 2015 9:18:54 PM org.apache.solr.core.SolrResourceLoader locateSolrHome
INFO: solr home defaulted to 'solr/' (could not find system property or JNDI)
Mar 30, 2015 9:18:54 PM org.apache.solr.servlet.SolrServlet init
INFO: SolrServlet.init() done
Mar 30, 2015 9:18:54 PM org.apache.solr.core.SolrResourceLoader locateSolrHome
INFO: JNDI not configured for solr (NoInitialContextEx)
Mar 30, 2015 9:18:54 PM org.apache.solr.core.SolrResourceLoader locateSolrHome
INFO: solr home defaulted to 'solr/' (could not find system property or JNDI)
Mar 30, 2015 9:18:54 PM org.apache.solr.servlet.SolrUpdateServlet init
INFO: SolrUpdateServlet.init() done
Mar 30, 2015 9:19:05 PM org.apache.solr.core.SolrDeletionPolicy onInit
INFO: SolrDeletionPolicy.onInit: commits:num=1
	commit{dir=C:\Projects\Tridion\SS4T\Solr\solr\extension\data\index,segFN=segments_2,version=1427725180993,generation=2,filenames=[_0.tii, _0.tis, segments_2, _0.fdx, _0.nrm, _0.fdt, _0.fnm, _0.frq]
Mar 30, 2015 9:19:05 PM org.apache.solr.core.SolrDeletionPolicy updateCommits
INFO: newest commit = 1427725180993
Mar 30, 2015 9:19:05 PM org.apache.solr.update.processor.LogUpdateProcessor finish
INFO: {deleteByQuery=(tcmuri:tcm\:15\-15460 OR tcmuri:tcm\:15\-15460)} 0 136
Mar 30, 2015 9:19:05 PM org.apache.solr.core.SolrCore execute
INFO: [extension] webapp=/solr path=/update params={} status=0 QTime=136 
Mar 30, 2015 9:19:06 PM org.apache.solr.update.processor.LogUpdateProcessor finish
INFO: {add=[tcm:15-15460]} 0 22
Mar 30, 2015 9:19:06 PM org.apache.solr.core.SolrCore execute
INFO: [extension] webapp=/solr path=/update params={} status=0 QTime=22 
Mar 30, 2015 9:19:17 PM org.apache.solr.core.SolrCore execute
INFO: [extension] webapp=/solr path=/select/ params={start=0&q=*:*&rows=10&indent=on&version=2.2} hits=1 status=0 QTime=82 
Mar 30, 2015 9:20:23 PM org.apache.solr.update.DirectUpdateHandler2 commit
INFO: start commit(optimize=false,waitFlush=true,waitSearcher=true,expungeDeletes=false)
Mar 30, 2015 9:20:23 PM org.apache.solr.core.SolrDeletionPolicy onCommit
INFO: SolrDeletionPolicy.onCommit: commits:num=2
	commit{dir=C:\Projects\Tridion\SS4T\Solr\solr\extension\data\index,segFN=segments_2,version=1427725180993,generation=2,filenames=[_0.tii, _0.tis, segments_2, _0.fdx, _0.nrm, _0.fdt, _0.fnm, _0.frq]
	commit{dir=C:\Projects\Tridion\SS4T\Solr\solr\extension\data\index,segFN=segments_3,version=1427725180996,generation=3,filenames=[_1.tis, _1.nrm, _1.fdx, _1.fnm, _1.frq, _1.tii, segments_3, _1.fdt]
Mar 30, 2015 9:20:23 PM org.apache.solr.core.SolrDeletionPolicy updateCommits
INFO: newest commit = 1427725180996
Mar 30, 2015 9:20:23 PM org.apache.solr.search.SolrIndexSearcher <init>
INFO: Opening Searcher@5d29b438 main
Mar 30, 2015 9:20:23 PM org.apache.solr.update.DirectUpdateHandler2 commit
INFO: end_commit_flush
Mar 30, 2015 9:20:23 PM org.apache.solr.search.SolrIndexSearcher warm
INFO: autowarming Searcher@5d29b438 main from Searcher@6e0dec4a main
	fieldValueCache{lookups=0,hits=0,hitratio=0.00,inserts=0,evictions=0,size=0,warmupTime=0,cumulative_lookups=0,cumulative_hits=0,cumulative_hitratio=0.00,cumulative_inserts=0,cumulative_evictions=0}
Mar 30, 2015 9:20:23 PM org.apache.solr.search.SolrIndexSearcher warm
INFO: autowarming result for Searcher@5d29b438 main
	fieldValueCache{lookups=0,hits=0,hitratio=0.00,inserts=0,evictions=0,size=0,warmupTime=0,cumulative_lookups=0,cumulative_hits=0,cumulative_hitratio=0.00,cumulative_inserts=0,cumulative_evictions=0}
Mar 30, 2015 9:20:23 PM org.apache.solr.handler.component.SpellCheckComponent$SpellCheckerListener buildSpellIndex
INFO: Building spell index for spell checker: default
Mar 30, 2015 9:20:23 PM org.apache.solr.core.SolrCore registerSearcher
INFO: [extension] Registered new searcher Searcher@5d29b438 main
Mar 30, 2015 9:20:23 PM org.apache.solr.search.SolrIndexSearcher close
INFO: Closing Searcher@6e0dec4a main
	fieldValueCache{lookups=0,hits=0,hitratio=0.00,inserts=0,evictions=0,size=0,warmupTime=0,cumulative_lookups=0,cumulative_hits=0,cumulative_hitratio=0.00,cumulative_inserts=0,cumulative_evictions=0}
Mar 30, 2015 9:20:23 PM org.apache.solr.update.processor.LogUpdateProcessor finish
INFO: {commit=} 0 134
Mar 30, 2015 9:20:23 PM org.apache.solr.core.SolrCore execute
INFO: [extension] webapp=/solr path=/update params={} status=0 QTime=134 
Mar 30, 2015 9:21:12 PM org.apache.solr.core.SolrDeletionPolicy onInit
INFO: SolrDeletionPolicy.onInit: commits:num=1
	commit{dir=C:\Projects\Tridion\SS4T\Solr\solr\extension\data\index,segFN=segments_3,version=1427725180996,generation=3,filenames=[_1.tis, _1.nrm, _1.fdx, _1.fnm, _1.frq, _1.tii, segments_3, _1.fdt]
Mar 30, 2015 9:21:12 PM org.apache.solr.core.SolrDeletionPolicy updateCommits
INFO: newest commit = 1427725180996
Mar 30, 2015 9:21:12 PM org.apache.solr.update.processor.LogUpdateProcessor finish
INFO: {deleteByQuery=(tcmuri:tcm\:15\-15460 OR tcmuri:tcm\:15\-15460)} 0 8
Mar 30, 2015 9:21:12 PM org.apache.solr.core.SolrCore execute
INFO: [extension] webapp=/solr path=/update params={} status=0 QTime=8 
Mar 30, 2015 9:21:15 PM org.apache.solr.core.SolrCore execute
INFO: [extension] webapp=/solr path=/select/ params={start=0&q=*:*&rows=10&indent=on&version=2.2} hits=1 status=0 QTime=3 
Mar 30, 2015 9:21:17 PM org.apache.solr.core.SolrCore execute
INFO: [extension] webapp=/solr path=/select/ params={start=0&q=*:*&rows=10&indent=on&version=2.2} hits=1 status=0 QTime=2 
Mar 30, 2015 9:21:19 PM org.apache.solr.core.SolrCore execute
INFO: [extension] webapp=/solr path=/select/ params={start=0&q=*:*&rows=10&indent=on&version=2.2} hits=1 status=0 QTime=2 
Mar 30, 2015 9:21:19 PM org.apache.solr.core.SolrCore execute
INFO: [extension] webapp=/solr path=/select/ params={start=0&q=*:*&rows=10&indent=on&version=2.2} hits=1 status=0 QTime=1 
Mar 30, 2015 9:21:20 PM org.apache.solr.core.SolrCore execute
INFO: [extension] webapp=/solr path=/select/ params={start=0&q=*:*&rows=10&indent=on&version=2.2} hits=1 status=0 QTime=2 
Mar 30, 2015 9:21:20 PM org.apache.solr.core.SolrCore execute
INFO: [extension] webapp=/solr path=/select/ params={start=0&q=*:*&rows=10&indent=on&version=2.2} hits=1 status=0 QTime=3 
Mar 30, 2015 9:21:20 PM org.apache.solr.core.SolrCore execute
INFO: [extension] webapp=/solr path=/select/ params={start=0&q=*:*&rows=10&indent=on&version=2.2} hits=1 status=0 QTime=2 
Mar 30, 2015 9:21:28 PM org.apache.solr.update.processor.LogUpdateProcessor finish
INFO: {add=[tcm:15-15460]} 0 2
Mar 30, 2015 9:21:28 PM org.apache.solr.core.SolrCore execute
INFO: [extension] webapp=/solr path=/update params={} status=0 QTime=2 
Mar 30, 2015 9:21:28 PM org.apache.solr.update.DirectUpdateHandler2 commit
INFO: start commit(optimize=false,waitFlush=true,waitSearcher=true,expungeDeletes=false)
Mar 30, 2015 9:21:29 PM org.apache.solr.core.SolrDeletionPolicy onCommit
INFO: SolrDeletionPolicy.onCommit: commits:num=2
	commit{dir=C:\Projects\Tridion\SS4T\Solr\solr\extension\data\index,segFN=segments_3,version=1427725180996,generation=3,filenames=[_1.tis, _1.nrm, _1.fdx, _1.fnm, _1.frq, _1.tii, segments_3, _1.fdt]
	commit{dir=C:\Projects\Tridion\SS4T\Solr\solr\extension\data\index,segFN=segments_4,version=1427725180999,generation=4,filenames=[_2.tis, _2.fdt, _2.fnm, _2.frq, _2.tii, _2.fdx, _2.nrm, segments_4]
Mar 30, 2015 9:21:29 PM org.apache.solr.core.SolrDeletionPolicy updateCommits
INFO: newest commit = 1427725180999
Mar 30, 2015 9:21:29 PM org.apache.solr.search.SolrIndexSearcher <init>
INFO: Opening Searcher@6f7605a3 main
Mar 30, 2015 9:21:29 PM org.apache.solr.update.DirectUpdateHandler2 commit
INFO: end_commit_flush
Mar 30, 2015 9:21:29 PM org.apache.solr.search.SolrIndexSearcher warm
INFO: autowarming Searcher@6f7605a3 main from Searcher@5d29b438 main
	fieldValueCache{lookups=0,hits=0,hitratio=0.00,inserts=0,evictions=0,size=0,warmupTime=0,cumulative_lookups=0,cumulative_hits=0,cumulative_hitratio=0.00,cumulative_inserts=0,cumulative_evictions=0}
Mar 30, 2015 9:21:29 PM org.apache.solr.search.SolrIndexSearcher warm
INFO: autowarming result for Searcher@6f7605a3 main
	fieldValueCache{lookups=0,hits=0,hitratio=0.00,inserts=0,evictions=0,size=0,warmupTime=0,cumulative_lookups=0,cumulative_hits=0,cumulative_hitratio=0.00,cumulative_inserts=0,cumulative_evictions=0}
Mar 30, 2015 9:21:29 PM org.apache.solr.handler.component.SpellCheckComponent$SpellCheckerListener buildSpellIndex
INFO: Building spell index for spell checker: default
Mar 30, 2015 9:21:29 PM org.apache.solr.core.SolrCore registerSearcher
INFO: [extension] Registered new searcher Searcher@6f7605a3 main
Mar 30, 2015 9:21:29 PM org.apache.solr.search.SolrIndexSearcher close
INFO: Closing Searcher@5d29b438 main
	fieldValueCache{lookups=0,hits=0,hitratio=0.00,inserts=0,evictions=0,size=0,warmupTime=0,cumulative_lookups=0,cumulative_hits=0,cumulative_hitratio=0.00,cumulative_inserts=0,cumulative_evictions=0}
Mar 30, 2015 9:21:29 PM org.apache.solr.update.processor.LogUpdateProcessor finish
INFO: {commit=} 0 35
Mar 30, 2015 9:21:29 PM org.apache.solr.core.SolrCore execute
INFO: [extension] webapp=/solr path=/update params={} status=0 QTime=35 
Mar 30, 2015 9:21:33 PM org.apache.solr.core.SolrCore execute
INFO: [extension] webapp=/solr path=/select/ params={start=0&q=*:*&rows=10&indent=on&version=2.2} hits=1 status=0 QTime=1 
Mar 30, 2015 9:21:33 PM org.apache.solr.core.SolrCore execute
INFO: [extension] webapp=/solr path=/select/ params={start=0&q=*:*&rows=10&indent=on&version=2.2} hits=1 status=0 QTime=2 
Mar 30, 2015 9:21:34 PM org.apache.solr.core.SolrCore execute
INFO: [extension] webapp=/solr path=/select/ params={start=0&q=*:*&rows=10&indent=on&version=2.2} hits=1 status=0 QTime=2 
Mar 30, 2015 9:27:25 PM org.apache.solr.core.SolrDeletionPolicy onInit
INFO: SolrDeletionPolicy.onInit: commits:num=1
	commit{dir=C:\Projects\Tridion\SS4T\Solr\solr\extension\data\index,segFN=segments_4,version=1427725180999,generation=4,filenames=[_2.tis, _2.fdt, _2.fnm, _2.frq, _2.tii, _2.fdx, _2.nrm, segments_4]
Mar 30, 2015 9:27:25 PM org.apache.solr.core.SolrDeletionPolicy updateCommits
INFO: newest commit = 1427725180999
Mar 30, 2015 9:27:25 PM org.apache.solr.update.processor.LogUpdateProcessor finish
INFO: {deleteByQuery=tcmuri:tcm\:15\-15460} 0 10
Mar 30, 2015 9:27:25 PM org.apache.solr.core.SolrCore execute
INFO: [extension] webapp=/solr path=/update params={} status=0 QTime=10 
Mar 30, 2015 9:27:27 PM org.apache.solr.update.DirectUpdateHandler2 commit
INFO: start commit(optimize=false,waitFlush=true,waitSearcher=true,expungeDeletes=false)
Mar 30, 2015 9:27:27 PM org.apache.solr.core.SolrDeletionPolicy onCommit
INFO: SolrDeletionPolicy.onCommit: commits:num=2
	commit{dir=C:\Projects\Tridion\SS4T\Solr\solr\extension\data\index,segFN=segments_4,version=1427725180999,generation=4,filenames=[_2.tis, _2.fdt, _2.fnm, _2.frq, _2.tii, _2.fdx, _2.nrm, segments_4]
	commit{dir=C:\Projects\Tridion\SS4T\Solr\solr\extension\data\index,segFN=segments_5,version=1427725181000,generation=5,filenames=[segments_5]
Mar 30, 2015 9:27:27 PM org.apache.solr.core.SolrDeletionPolicy updateCommits
INFO: newest commit = 1427725181000
Mar 30, 2015 9:27:27 PM org.apache.solr.search.SolrIndexSearcher <init>
INFO: Opening Searcher@47d27501 main
Mar 30, 2015 9:27:27 PM org.apache.solr.update.DirectUpdateHandler2 commit
INFO: end_commit_flush
Mar 30, 2015 9:27:27 PM org.apache.solr.search.SolrIndexSearcher warm
INFO: autowarming Searcher@47d27501 main from Searcher@6f7605a3 main
	fieldValueCache{lookups=0,hits=0,hitratio=0.00,inserts=0,evictions=0,size=0,warmupTime=0,cumulative_lookups=0,cumulative_hits=0,cumulative_hitratio=0.00,cumulative_inserts=0,cumulative_evictions=0}
Mar 30, 2015 9:27:27 PM org.apache.solr.search.SolrIndexSearcher warm
INFO: autowarming result for Searcher@47d27501 main
	fieldValueCache{lookups=0,hits=0,hitratio=0.00,inserts=0,evictions=0,size=0,warmupTime=0,cumulative_lookups=0,cumulative_hits=0,cumulative_hitratio=0.00,cumulative_inserts=0,cumulative_evictions=0}
Mar 30, 2015 9:27:27 PM org.apache.solr.handler.component.SpellCheckComponent$SpellCheckerListener buildSpellIndex
INFO: Building spell index for spell checker: default
Mar 30, 2015 9:27:27 PM org.apache.solr.core.SolrCore registerSearcher
INFO: [extension] Registered new searcher Searcher@47d27501 main
Mar 30, 2015 9:27:27 PM org.apache.solr.search.SolrIndexSearcher close
INFO: Closing Searcher@6f7605a3 main
	fieldValueCache{lookups=0,hits=0,hitratio=0.00,inserts=0,evictions=0,size=0,warmupTime=0,cumulative_lookups=0,cumulative_hits=0,cumulative_hitratio=0.00,cumulative_inserts=0,cumulative_evictions=0}
Mar 30, 2015 9:27:27 PM org.apache.solr.update.processor.LogUpdateProcessor finish
INFO: {commit=} 0 40
Mar 30, 2015 9:27:27 PM org.apache.solr.core.SolrCore execute
INFO: [extension] webapp=/solr path=/update params={} status=0 QTime=40 
Mar 30, 2015 9:27:52 PM org.apache.solr.core.SolrCore execute
INFO: [extension] webapp=/solr path=/select/ params={start=0&q=*:*&rows=10&indent=on&version=2.2} hits=0 status=0 QTime=0 
