Mar 30, 2015 7:49:40 PM org.apache.solr.core.SolrResourceLoader locateSolrHome
INFO: JNDI not configured for solr (NoInitialContextEx)
Mar 30, 2015 7:49:40 PM org.apache.solr.core.SolrResourceLoader locateSolrHome
INFO: solr home defaulted to 'solr/' (could not find system property or JNDI)
Mar 30, 2015 7:49:40 PM org.apache.solr.core.SolrResourceLoader <init>
INFO: Solr home set to 'solr/'
Mar 30, 2015 7:49:40 PM org.apache.solr.servlet.SolrDispatchFilter init
INFO: SolrDispatchFilter.init()
Mar 30, 2015 7:49:40 PM org.apache.solr.core.SolrResourceLoader locateSolrHome
INFO: JNDI not configured for solr (NoInitialContextEx)
Mar 30, 2015 7:49:40 PM org.apache.solr.core.SolrResourceLoader locateSolrHome
INFO: solr home defaulted to 'solr/' (could not find system property or JNDI)
Mar 30, 2015 7:49:40 PM org.apache.solr.core.CoreContainer$Initializer initialize
INFO: looking for solr.xml: C:\Projects\Tridion\SS4T\Solr\solr\solr.xml
Mar 30, 2015 7:49:40 PM org.apache.solr.core.SolrResourceLoader locateSolrHome
INFO: JNDI not configured for solr (NoInitialContextEx)
Mar 30, 2015 7:49:40 PM org.apache.solr.core.SolrResourceLoader locateSolrHome
INFO: solr home defaulted to 'solr/' (could not find system property or JNDI)
Mar 30, 2015 7:49:40 PM org.apache.solr.core.CoreContainer <init>
INFO: New CoreContainer: solrHome=solr/ instance=597255128
Mar 30, 2015 7:49:40 PM org.apache.solr.core.SolrResourceLoader <init>
INFO: Solr home set to 'solr/'
Mar 30, 2015 7:49:40 PM org.apache.solr.core.CoreContainer load
INFO: loading shared library: C:\Projects\Tridion\SS4T\Solr\solr\lib
Mar 30, 2015 7:49:40 PM org.apache.solr.core.SolrResourceLoader <init>
INFO: Solr home set to 'solr\extension\'
Mar 30, 2015 7:49:40 PM org.apache.solr.core.SolrConfig <init>
INFO: Using Lucene MatchVersion: LUCENE_31
Mar 30, 2015 7:49:40 PM org.apache.solr.core.SolrConfig <init>
INFO: Loaded SolrConfig: solrconfig.xml
Mar 30, 2015 7:49:40 PM org.apache.solr.core.CoreContainer create
INFO: creating new schema object for core: extension
Mar 30, 2015 7:49:40 PM org.apache.solr.schema.IndexSchema readSchema
INFO: Reading Solr Schema
Mar 30, 2015 7:49:40 PM org.apache.solr.schema.IndexSchema readSchema
INFO: Schema name=SolrSchema
Mar 30, 2015 7:49:40 PM org.apache.solr.util.plugin.AbstractPluginLoader load
INFO: created string: org.apache.solr.schema.StrField
Mar 30, 2015 7:49:40 PM org.apache.solr.util.plugin.AbstractPluginLoader load
INFO: created binary: org.apache.solr.schema.BinaryField
Mar 30, 2015 7:49:40 PM org.apache.solr.util.plugin.AbstractPluginLoader load
INFO: created int: org.apache.solr.schema.TrieIntField
Mar 30, 2015 7:49:40 PM org.apache.solr.util.plugin.AbstractPluginLoader load
INFO: created date: org.apache.solr.schema.TrieDateField
Mar 30, 2015 7:49:40 PM org.apache.solr.util.plugin.AbstractPluginLoader load
INFO: created tdate: org.apache.solr.schema.TrieDateField
Mar 30, 2015 7:49:40 PM org.apache.solr.util.plugin.AbstractPluginLoader load
INFO: created : org.apache.solr.analysis.WhitespaceTokenizerFactory
Mar 30, 2015 7:49:40 PM org.apache.solr.util.plugin.AbstractPluginLoader load
INFO: created : org.apache.solr.analysis.SynonymFilterFactory
Mar 30, 2015 7:49:40 PM org.apache.solr.util.plugin.AbstractPluginLoader load
INFO: created : org.apache.solr.analysis.WordDelimiterFilterFactory
Mar 30, 2015 7:49:40 PM org.apache.solr.util.plugin.AbstractPluginLoader load
INFO: created : org.apache.solr.analysis.LowerCaseFilterFactory
Mar 30, 2015 7:49:40 PM org.apache.solr.util.plugin.AbstractPluginLoader load
INFO: created : org.apache.solr.analysis.StopFilterFactory
Mar 30, 2015 7:49:40 PM org.apache.solr.util.plugin.AbstractPluginLoader load
INFO: created : org.apache.solr.analysis.PorterStemFilterFactory
Mar 30, 2015 7:49:40 PM org.apache.solr.util.plugin.AbstractPluginLoader load
INFO: created : org.apache.solr.analysis.WhitespaceTokenizerFactory
Mar 30, 2015 7:49:40 PM org.apache.solr.util.plugin.AbstractPluginLoader load
INFO: created : org.apache.solr.analysis.SynonymFilterFactory
Mar 30, 2015 7:49:40 PM org.apache.solr.util.plugin.AbstractPluginLoader load
INFO: created : org.apache.solr.analysis.WordDelimiterFilterFactory
Mar 30, 2015 7:49:40 PM org.apache.solr.util.plugin.AbstractPluginLoader load
INFO: created : org.apache.solr.analysis.EdgeNGramFilterFactory
Mar 30, 2015 7:49:40 PM org.apache.solr.util.plugin.AbstractPluginLoader load
INFO: created : org.apache.solr.analysis.LowerCaseFilterFactory
Mar 30, 2015 7:49:40 PM org.apache.solr.util.plugin.AbstractPluginLoader load
INFO: created : org.apache.solr.analysis.PorterStemFilterFactory
Mar 30, 2015 7:49:40 PM org.apache.solr.util.plugin.AbstractPluginLoader load
INFO: created : org.apache.solr.analysis.StopFilterFactory
Mar 30, 2015 7:49:40 PM org.apache.solr.util.plugin.AbstractPluginLoader load
INFO: created text: org.apache.solr.schema.TextField
Mar 30, 2015 7:49:40 PM org.apache.solr.schema.IndexSchema readSchema
INFO: default search field is alltext
Mar 30, 2015 7:49:40 PM org.apache.solr.schema.IndexSchema readSchema
INFO: query parser default operator is OR
Mar 30, 2015 7:49:40 PM org.apache.solr.schema.IndexSchema readSchema
INFO: unique key field: tcmuri
Mar 30, 2015 7:49:40 PM org.apache.solr.core.SolrCore <init>
INFO: [extension] Opening new SolrCore at solr\extension\, dataDir=solr/extension\data\
Mar 30, 2015 7:49:40 PM org.apache.solr.core.SolrCore <init>
INFO: JMX monitoring not detected for core: extension
Mar 30, 2015 7:49:40 PM org.apache.solr.core.SolrCore initIndex
WARNING: [extension] Solr index directory 'solr\extension\data\index' doesn't exist. Creating new index...
Mar 30, 2015 7:49:41 PM org.apache.solr.core.SolrDeletionPolicy onCommit
INFO: SolrDeletionPolicy.onCommit: commits:num=1
	commit{dir=C:\Projects\Tridion\SS4T\Solr\solr\extension\data\index,segFN=segments_1,version=1427725180991,generation=1,filenames=[segments_1]
Mar 30, 2015 7:49:41 PM org.apache.solr.core.SolrDeletionPolicy updateCommits
INFO: newest commit = 1427725180991
Mar 30, 2015 7:49:41 PM org.apache.solr.core.RequestHandlers initHandlersFromConfig
INFO: created standard: solr.StandardRequestHandler
Mar 30, 2015 7:49:41 PM org.apache.solr.core.RequestHandlers initHandlersFromConfig
INFO: created /update: solr.XmlUpdateRequestHandler
Mar 30, 2015 7:49:41 PM org.apache.solr.core.RequestHandlers initHandlersFromConfig
INFO: created /admin/: org.apache.solr.handler.admin.AdminHandlers
Mar 30, 2015 7:49:41 PM org.apache.solr.core.RequestHandlers initHandlersFromConfig
INFO: created /select: solr.SearchHandler
Mar 30, 2015 7:49:41 PM org.apache.solr.search.SolrIndexSearcher <init>
INFO: Opening Searcher@703580bf main
Mar 30, 2015 7:49:41 PM org.apache.solr.update.DirectUpdateHandler2$CommitTracker <init>
INFO: AutoCommit: disabled
Mar 30, 2015 7:49:41 PM org.apache.solr.handler.component.SpellCheckComponent inform
INFO: Initializing spell checkers
Mar 30, 2015 7:49:41 PM org.apache.solr.handler.component.SpellCheckComponent inform
INFO: Registering newSearcher listener for spellchecker: default
Mar 30, 2015 7:49:41 PM org.apache.solr.handler.component.SpellCheckComponent inform
WARNING: No queryConverter defined, using default converter
Mar 30, 2015 7:49:41 PM org.apache.solr.handler.component.SearchHandler inform
INFO: Adding  component:org.apache.solr.handler.component.QueryComponent@1afd44cb
Mar 30, 2015 7:49:41 PM org.apache.solr.handler.component.SearchHandler inform
INFO: Adding  component:org.apache.solr.handler.component.FacetComponent@6973b51b
Mar 30, 2015 7:49:41 PM org.apache.solr.handler.component.SearchHandler inform
INFO: Adding  component:org.apache.solr.handler.component.MoreLikeThisComponent@1ab3a8c8
Mar 30, 2015 7:49:41 PM org.apache.solr.handler.component.SearchHandler inform
INFO: Adding  component:org.apache.solr.handler.component.HighlightComponent@43195e57
Mar 30, 2015 7:49:41 PM org.apache.solr.handler.component.SearchHandler inform
INFO: Adding  component:org.apache.solr.handler.component.StatsComponent@333291e3
Mar 30, 2015 7:49:41 PM org.apache.solr.handler.component.SearchHandler inform
INFO: Adding  debug component:org.apache.solr.handler.component.DebugComponent@479d31f3
Mar 30, 2015 7:49:41 PM org.apache.solr.handler.component.SearchHandler inform
INFO: Adding  component:org.apache.solr.handler.component.QueryComponent@1afd44cb
Mar 30, 2015 7:49:41 PM org.apache.solr.handler.component.SearchHandler inform
INFO: Adding  component:org.apache.solr.handler.component.FacetComponent@6973b51b
Mar 30, 2015 7:49:41 PM org.apache.solr.handler.component.SearchHandler inform
INFO: Adding  component:org.apache.solr.handler.component.MoreLikeThisComponent@1ab3a8c8
Mar 30, 2015 7:49:41 PM org.apache.solr.handler.component.SearchHandler inform
INFO: Adding  component:org.apache.solr.handler.component.HighlightComponent@43195e57
Mar 30, 2015 7:49:41 PM org.apache.solr.handler.component.SearchHandler inform
INFO: Adding  component:org.apache.solr.handler.component.StatsComponent@333291e3
Mar 30, 2015 7:49:41 PM org.apache.solr.handler.component.SearchHandler inform
INFO: Adding  component:org.apache.solr.handler.component.SpellCheckComponent@6c80d78a
Mar 30, 2015 7:49:41 PM org.apache.solr.handler.component.SearchHandler inform
INFO: Adding  debug component:org.apache.solr.handler.component.DebugComponent@479d31f3
Mar 30, 2015 7:49:41 PM org.apache.solr.core.CoreContainer register
INFO: registering core: extension
Mar 30, 2015 7:49:41 PM org.apache.solr.core.SolrCore registerSearcher
INFO: [extension] Registered new searcher Searcher@703580bf main
Mar 30, 2015 7:49:41 PM org.apache.solr.servlet.SolrDispatchFilter init
INFO: user.dir=C:\Projects\Tridion\SS4T\Solr
Mar 30, 2015 7:49:41 PM org.apache.solr.servlet.SolrDispatchFilter init
INFO: SolrDispatchFilter.init() done
Mar 30, 2015 7:49:41 PM org.apache.solr.servlet.SolrServlet init
INFO: SolrServlet.init()
Mar 30, 2015 7:49:41 PM org.apache.solr.core.SolrResourceLoader locateSolrHome
INFO: JNDI not configured for solr (NoInitialContextEx)
Mar 30, 2015 7:49:41 PM org.apache.solr.core.SolrResourceLoader locateSolrHome
INFO: solr home defaulted to 'solr/' (could not find system property or JNDI)
Mar 30, 2015 7:49:41 PM org.apache.solr.servlet.SolrServlet init
INFO: SolrServlet.init() done
Mar 30, 2015 7:49:41 PM org.apache.solr.core.SolrResourceLoader locateSolrHome
INFO: JNDI not configured for solr (NoInitialContextEx)
Mar 30, 2015 7:49:41 PM org.apache.solr.core.SolrResourceLoader locateSolrHome
INFO: solr home defaulted to 'solr/' (could not find system property or JNDI)
Mar 30, 2015 7:49:41 PM org.apache.solr.servlet.SolrUpdateServlet init
INFO: SolrUpdateServlet.init() done
Mar 30, 2015 7:50:04 PM org.apache.solr.core.SolrCore execute
INFO: [extension] webapp=/solr path=/select/ params={start=0&q=*:*&rows=10&indent=on&version=2.2} hits=0 status=0 QTime=58 
Mar 30, 2015 7:50:07 PM org.apache.solr.core.SolrCore execute
INFO: [extension] webapp=/solr path=/admin/file/ params={contentType=text/xml;charset%3Dutf-8&file=schema.xml} status=0 QTime=0 
Mar 30, 2015 8:33:33 PM org.apache.solr.core.SolrDeletionPolicy onInit
INFO: SolrDeletionPolicy.onInit: commits:num=1
	commit{dir=C:\Projects\Tridion\SS4T\Solr\solr\extension\data\index,segFN=segments_1,version=1427725180991,generation=1,filenames=[segments_1]
Mar 30, 2015 8:33:33 PM org.apache.solr.core.SolrDeletionPolicy updateCommits
INFO: newest commit = 1427725180991
Mar 30, 2015 8:33:33 PM org.apache.solr.update.processor.LogUpdateProcessor finish
INFO: {deleteByQuery=(tcmuri:tcm\:15\-15460 OR tcmuri:tcm\:15\-15460)} 0 68
Mar 30, 2015 8:33:33 PM org.apache.solr.core.SolrCore execute
INFO: [extension] webapp=/solr path=/update params={} status=0 QTime=68 
Mar 30, 2015 8:33:33 PM org.apache.solr.update.processor.LogUpdateProcessor finish
INFO: {add=[tcm:15-15460]} 0 19
Mar 30, 2015 8:33:33 PM org.apache.solr.core.SolrCore execute
INFO: [extension] webapp=/solr path=/update params={} status=0 QTime=19 
Mar 30, 2015 8:33:33 PM org.apache.solr.update.DirectUpdateHandler2 commit
INFO: start commit(optimize=false,waitFlush=true,waitSearcher=true,expungeDeletes=false)
Mar 30, 2015 8:33:33 PM org.apache.solr.core.SolrDeletionPolicy onCommit
INFO: SolrDeletionPolicy.onCommit: commits:num=2
	commit{dir=C:\Projects\Tridion\SS4T\Solr\solr\extension\data\index,segFN=segments_1,version=1427725180991,generation=1,filenames=[segments_1]
	commit{dir=C:\Projects\Tridion\SS4T\Solr\solr\extension\data\index,segFN=segments_2,version=1427725180993,generation=2,filenames=[_0.tii, _0.tis, segments_2, _0.fdx, _0.nrm, _0.fdt, _0.fnm, _0.frq]
Mar 30, 2015 8:33:33 PM org.apache.solr.core.SolrDeletionPolicy updateCommits
INFO: newest commit = 1427725180993
Mar 30, 2015 8:33:33 PM org.apache.solr.search.SolrIndexSearcher <init>
INFO: Opening Searcher@36ab8110 main
Mar 30, 2015 8:33:33 PM org.apache.solr.update.DirectUpdateHandler2 commit
INFO: end_commit_flush
Mar 30, 2015 8:33:33 PM org.apache.solr.search.SolrIndexSearcher warm
INFO: autowarming Searcher@36ab8110 main from Searcher@703580bf main
	fieldValueCache{lookups=0,hits=0,hitratio=0.00,inserts=0,evictions=0,size=0,warmupTime=0,cumulative_lookups=0,cumulative_hits=0,cumulative_hitratio=0.00,cumulative_inserts=0,cumulative_evictions=0}
Mar 30, 2015 8:33:33 PM org.apache.solr.search.SolrIndexSearcher warm
INFO: autowarming result for Searcher@36ab8110 main
	fieldValueCache{lookups=0,hits=0,hitratio=0.00,inserts=0,evictions=0,size=0,warmupTime=0,cumulative_lookups=0,cumulative_hits=0,cumulative_hitratio=0.00,cumulative_inserts=0,cumulative_evictions=0}
Mar 30, 2015 8:33:33 PM org.apache.solr.handler.component.SpellCheckComponent$SpellCheckerListener buildSpellIndex
INFO: Building spell index for spell checker: default
Mar 30, 2015 8:33:33 PM org.apache.solr.core.SolrCore registerSearcher
INFO: [extension] Registered new searcher Searcher@36ab8110 main
Mar 30, 2015 8:33:33 PM org.apache.solr.search.SolrIndexSearcher close
INFO: Closing Searcher@703580bf main
	fieldValueCache{lookups=0,hits=0,hitratio=0.00,inserts=0,evictions=0,size=0,warmupTime=0,cumulative_lookups=0,cumulative_hits=0,cumulative_hitratio=0.00,cumulative_inserts=0,cumulative_evictions=0}
Mar 30, 2015 8:33:33 PM org.apache.solr.update.processor.LogUpdateProcessor finish
INFO: {commit=} 0 85
Mar 30, 2015 8:33:33 PM org.apache.solr.core.SolrCore execute
INFO: [extension] webapp=/solr path=/update params={} status=0 QTime=85 
