0:0:0:0:0:0:0:1 -  -  [31/Mar/2015:10:23:52 +0000] "GET /solr HTTP/1.1" 302 0 "-" "Mozilla/5.0 (Windows NT 6.1; WOW64) AppleWebKit/537.36 (KHTML, like Gecko) Chrome/41.0.2272.101 Safari/537.36"
0:0:0:0:0:0:0:1 -  -  [31/Mar/2015:10:23:52 +0000] "GET /solr/ HTTP/1.1" 200 467 "-" "Mozilla/5.0 (Windows NT 6.1; WOW64) AppleWebKit/537.36 (KHTML, like Gecko) Chrome/41.0.2272.101 Safari/537.36"
0:0:0:0:0:0:0:1 -  -  [31/Mar/2015:10:23:52 +0000] "GET /solr/solr-admin.css HTTP/1.1" 404 1384 "http://localhost:8983/solr/" "Mozilla/5.0 (Windows NT 6.1; WOW64) AppleWebKit/537.36 (KHTML, like Gecko) Chrome/41.0.2272.101 Safari/537.36"
0:0:0:0:0:0:0:1 -  -  [31/Mar/2015:10:23:52 +0000] "GET /solr/admin/solr_small.png HTTP/1.1" 200 7926 "http://localhost:8983/solr/" "Mozilla/5.0 (Windows NT 6.1; WOW64) AppleWebKit/537.36 (KHTML, like Gecko) Chrome/41.0.2272.101 Safari/537.36"
0:0:0:0:0:0:0:1 -  -  [31/Mar/2015:10:23:54 +0000] "GET /solr/extension/admin/ HTTP/1.1" 200 2779 "http://localhost:8983/solr/" "Mozilla/5.0 (Windows NT 6.1; WOW64) AppleWebKit/537.36 (KHTML, like Gecko) Chrome/41.0.2272.101 Safari/537.36"
0:0:0:0:0:0:0:1 -  -  [31/Mar/2015:10:23:54 +0000] "GET /solr/extension/admin/solr-admin.css HTTP/1.1" 200 3846 "http://localhost:8983/solr/extension/admin/" "Mozilla/5.0 (Windows NT 6.1; WOW64) AppleWebKit/537.36 (KHTML, like Gecko) Chrome/41.0.2272.101 Safari/537.36"
0:0:0:0:0:0:0:1 -  -  [31/Mar/2015:10:23:54 +0000] "GET /solr/extension/admin/solr_small.png HTTP/1.1" 200 7926 "http://localhost:8983/solr/extension/admin/" "Mozilla/5.0 (Windows NT 6.1; WOW64) AppleWebKit/537.36 (KHTML, like Gecko) Chrome/41.0.2272.101 Safari/537.36"
0:0:0:0:0:0:0:1 -  -  [31/Mar/2015:10:23:56 +0000] "GET /solr/extension/select/?q=*%3A*&version=2.2&start=0&rows=10&indent=on HTTP/1.1" 200 205 "http://localhost:8983/solr/extension/admin/" "Mozilla/5.0 (Windows NT 6.1; WOW64) AppleWebKit/537.36 (KHTML, like Gecko) Chrome/41.0.2272.101 Safari/537.36"
0:0:0:0:0:0:0:1 -  -  [31/Mar/2015:10:25:43 +0000] "POST /solr/extension/update HTTP/1.1" 200 148 "-" "-" 
0:0:0:0:0:0:0:1 -  -  [31/Mar/2015:10:25:43 +0000] "POST /solr/extension/update HTTP/1.1" 200 148 "-" "-" 
0:0:0:0:0:0:0:1 -  -  [31/Mar/2015:10:25:43 +0000] "POST /solr/extension/update HTTP/1.1" 200 148 "-" "-" 
0:0:0:0:0:0:0:1 -  -  [31/Mar/2015:10:26:03 +0000] "GET /solr/extension/select/?q=*%3A*&version=2.2&start=0&rows=10&indent=on HTTP/1.1" 200 860 "http://localhost:8983/solr/extension/admin/" "Mozilla/5.0 (Windows NT 6.1; WOW64) AppleWebKit/537.36 (KHTML, like Gecko) Chrome/41.0.2272.101 Safari/537.36"
0:0:0:0:0:0:0:1 -  -  [31/Mar/2015:10:26:03 +0000] "GET /favicon.ico HTTP/1.1" 200 1150 "-" "Mozilla/5.0 (Windows NT 6.1; WOW64) AppleWebKit/537.36 (KHTML, like Gecko) Chrome/41.0.2272.101 Safari/537.36"
0:0:0:0:0:0:0:1 -  -  [31/Mar/2015:10:27:13 +0000] "POST /solr/extension/update HTTP/1.1" 200 147 "-" "-" 
0:0:0:0:0:0:0:1 -  -  [31/Mar/2015:10:27:13 +0000] "POST /solr/extension/update HTTP/1.1" 200 147 "-" "-" 
0:0:0:0:0:0:0:1 -  -  [31/Mar/2015:10:27:13 +0000] "POST /solr/extension/update HTTP/1.1" 200 148 "-" "-" 
0:0:0:0:0:0:0:1 -  -  [31/Mar/2015:10:27:17 +0000] "GET /solr/extension/select/?q=*%3A*&version=2.2&start=0&rows=10&indent=on HTTP/1.1" 200 1513 "http://localhost:8983/solr/extension/admin/" "Mozilla/5.0 (Windows NT 6.1; WOW64) AppleWebKit/537.36 (KHTML, like Gecko) Chrome/41.0.2272.101 Safari/537.36"
0:0:0:0:0:0:0:1 -  -  [31/Mar/2015:10:27:17 +0000] "GET /favicon.ico HTTP/1.1" 304 0 "-" "Mozilla/5.0 (Windows NT 6.1; WOW64) AppleWebKit/537.36 (KHTML, like Gecko) Chrome/41.0.2272.101 Safari/537.36"
0:0:0:0:0:0:0:1 -  -  [31/Mar/2015:10:36:17 +0000] "GET /solr/extension/select?rows=100000000&q=contenttype%3afeatureshowcase&? HTTP/1.1" 200 1456 "-" "-" 
0:0:0:0:0:0:0:1 -  -  [31/Mar/2015:10:37:31 +0000] "GET /solr/extension/select?rows=100000000&q=contenttype%3afeatureshowcase&? HTTP/1.1" 200 1455 "-" "-" 
0:0:0:0:0:0:0:1 -  -  [31/Mar/2015:11:00:55 +0000] "GET /solr/extension/select?rows=100000000&q=contenttype%3afeatureshowcase&? HTTP/1.1" 200 1455 "-" "-" 
0:0:0:0:0:0:0:1 -  -  [31/Mar/2015:11:01:20 +0000] "GET /solr/extension/select?rows=100000000&q=contenttype%3afeatureshowcase&? HTTP/1.1" 200 1455 "-" "-" 
0:0:0:0:0:0:0:1 -  -  [31/Mar/2015:11:03:32 +0000] "GET /solr/extension/select?rows=100000000&q=contenttype%3afeatureshowcase&? HTTP/1.1" 200 1455 "-" "-" 
0:0:0:0:0:0:0:1 -  -  [31/Mar/2015:11:27:23 +0000] "GET /solr/extension/select?rows=100000000&q=contenttype%3afeatureshowcase&? HTTP/1.1" 200 1455 "-" "-" 
0:0:0:0:0:0:0:1 -  -  [31/Mar/2015:11:28:35 +0000] "GET /solr/extension/select?facet.mincount=1&facet.field=facet&facet=true&rows=100000000&q=contenttype%3afeatureshowcase&? HTTP/1.1" 200 1653 "-" "-" 
0:0:0:0:0:0:0:1 -  -  [31/Mar/2015:11:33:44 +0000] "POST /solr/extension/update HTTP/1.1" 200 148 "-" "-" 
0:0:0:0:0:0:0:1 -  -  [31/Mar/2015:11:33:44 +0000] "POST /solr/extension/update HTTP/1.1" 200 147 "-" "-" 
0:0:0:0:0:0:0:1 -  -  [31/Mar/2015:11:33:44 +0000] "POST /solr/extension/update HTTP/1.1" 200 148 "-" "-" 
0:0:0:0:0:0:0:1 -  -  [31/Mar/2015:11:33:49 +0000] "GET /solr/extension/select/?q=*%3A*&version=2.2&start=0&rows=10&indent=on HTTP/1.1" 200 1509 "http://localhost:8983/solr/extension/admin/" "Mozilla/5.0 (Windows NT 6.1; WOW64) AppleWebKit/537.36 (KHTML, like Gecko) Chrome/41.0.2272.101 Safari/537.36"
0:0:0:0:0:0:0:1 -  -  [31/Mar/2015:11:33:49 +0000] "GET /favicon.ico HTTP/1.1" 304 0 "-" "Mozilla/5.0 (Windows NT 6.1; WOW64) AppleWebKit/537.36 (KHTML, like Gecko) Chrome/41.0.2272.101 Safari/537.36"
0:0:0:0:0:0:0:1 -  -  [31/Mar/2015:11:33:52 +0000] "GET /solr/extension/select/?q=*%3A*&version=2.2&start=0&rows=10&indent=on HTTP/1.1" 200 1509 "http://localhost:8983/solr/extension/admin/" "Mozilla/5.0 (Windows NT 6.1; WOW64) AppleWebKit/537.36 (KHTML, like Gecko) Chrome/41.0.2272.101 Safari/537.36"
0:0:0:0:0:0:0:1 -  -  [31/Mar/2015:11:34:04 +0000] "GET /solr/extension/select/?q=*%3A*&version=2.2&start=0&rows=10&indent=on HTTP/1.1" 200 1509 "http://localhost:8983/solr/extension/admin/" "Mozilla/5.0 (Windows NT 6.1; WOW64) AppleWebKit/537.36 (KHTML, like Gecko) Chrome/41.0.2272.101 Safari/537.36"
0:0:0:0:0:0:0:1 -  -  [31/Mar/2015:11:34:05 +0000] "GET /solr/extension/select/?q=*%3A*&version=2.2&start=0&rows=10&indent=on HTTP/1.1" 200 1509 "http://localhost:8983/solr/extension/admin/" "Mozilla/5.0 (Windows NT 6.1; WOW64) AppleWebKit/537.36 (KHTML, like Gecko) Chrome/41.0.2272.101 Safari/537.36"
0:0:0:0:0:0:0:1 -  -  [31/Mar/2015:11:34:05 +0000] "GET /solr/extension/select/?q=*%3A*&version=2.2&start=0&rows=10&indent=on HTTP/1.1" 200 1509 "http://localhost:8983/solr/extension/admin/" "Mozilla/5.0 (Windows NT 6.1; WOW64) AppleWebKit/537.36 (KHTML, like Gecko) Chrome/41.0.2272.101 Safari/537.36"
0:0:0:0:0:0:0:1 -  -  [31/Mar/2015:11:34:05 +0000] "GET /solr/extension/select/?q=*%3A*&version=2.2&start=0&rows=10&indent=on HTTP/1.1" 200 1509 "http://localhost:8983/solr/extension/admin/" "Mozilla/5.0 (Windows NT 6.1; WOW64) AppleWebKit/537.36 (KHTML, like Gecko) Chrome/41.0.2272.101 Safari/537.36"
0:0:0:0:0:0:0:1 -  -  [31/Mar/2015:11:34:20 +0000] "GET /solr/extension/admin/file/?contentType=text/xml;charset=utf-8&file=schema.xml HTTP/1.1" 200 6093 "http://localhost:8983/solr/extension/admin/" "Mozilla/5.0 (Windows NT 6.1; WOW64) AppleWebKit/537.36 (KHTML, like Gecko) Chrome/41.0.2272.101 Safari/537.36"
0:0:0:0:0:0:0:1 -  -  [31/Mar/2015:11:34:37 +0000] "POST /solr/extension/update HTTP/1.1" 200 148 "-" "-" 
0:0:0:0:0:0:0:1 -  -  [31/Mar/2015:11:34:37 +0000] "POST /solr/extension/update HTTP/1.1" 200 148 "-" "-" 
0:0:0:0:0:0:0:1 -  -  [31/Mar/2015:11:34:37 +0000] "POST /solr/extension/update HTTP/1.1" 200 148 "-" "-" 
0:0:0:0:0:0:0:1 -  -  [31/Mar/2015:11:34:42 +0000] "GET /solr/extension/select/?q=*%3A*&version=2.2&start=0&rows=10&indent=on HTTP/1.1" 200 1509 "http://localhost:8983/solr/extension/admin/" "Mozilla/5.0 (Windows NT 6.1; WOW64) AppleWebKit/537.36 (KHTML, like Gecko) Chrome/41.0.2272.101 Safari/537.36"
0:0:0:0:0:0:0:1 -  -  [31/Mar/2015:11:34:46 +0000] "GET /solr/extension/select/?q=*%3A*&version=2.2&start=0&rows=10&indent=on HTTP/1.1" 200 1509 "http://localhost:8983/solr/extension/admin/" "Mozilla/5.0 (Windows NT 6.1; WOW64) AppleWebKit/537.36 (KHTML, like Gecko) Chrome/41.0.2272.101 Safari/537.36"
0:0:0:0:0:0:0:1 -  -  [31/Mar/2015:11:34:47 +0000] "GET /solr/extension/select/?q=*%3A*&version=2.2&start=0&rows=10&indent=on HTTP/1.1" 200 1509 "http://localhost:8983/solr/extension/admin/" "Mozilla/5.0 (Windows NT 6.1; WOW64) AppleWebKit/537.36 (KHTML, like Gecko) Chrome/41.0.2272.101 Safari/537.36"
0:0:0:0:0:0:0:1 -  -  [31/Mar/2015:11:34:47 +0000] "GET /solr/extension/select/?q=*%3A*&version=2.2&start=0&rows=10&indent=on HTTP/1.1" 200 1509 "http://localhost:8983/solr/extension/admin/" "Mozilla/5.0 (Windows NT 6.1; WOW64) AppleWebKit/537.36 (KHTML, like Gecko) Chrome/41.0.2272.101 Safari/537.36"
0:0:0:0:0:0:0:1 -  -  [31/Mar/2015:11:34:47 +0000] "GET /solr/extension/select/?q=*%3A*&version=2.2&start=0&rows=10&indent=on HTTP/1.1" 200 1509 "http://localhost:8983/solr/extension/admin/" "Mozilla/5.0 (Windows NT 6.1; WOW64) AppleWebKit/537.36 (KHTML, like Gecko) Chrome/41.0.2272.101 Safari/537.36"
0:0:0:0:0:0:0:1 -  -  [31/Mar/2015:11:34:47 +0000] "GET /solr/extension/select/?q=*%3A*&version=2.2&start=0&rows=10&indent=on HTTP/1.1" 200 1509 "http://localhost:8983/solr/extension/admin/" "Mozilla/5.0 (Windows NT 6.1; WOW64) AppleWebKit/537.36 (KHTML, like Gecko) Chrome/41.0.2272.101 Safari/537.36"
0:0:0:0:0:0:0:1 -  -  [31/Mar/2015:11:34:48 +0000] "GET /solr/extension/select/?q=*%3A*&version=2.2&start=0&rows=10&indent=on HTTP/1.1" 200 1509 "http://localhost:8983/solr/extension/admin/" "Mozilla/5.0 (Windows NT 6.1; WOW64) AppleWebKit/537.36 (KHTML, like Gecko) Chrome/41.0.2272.101 Safari/537.36"
0:0:0:0:0:0:0:1 -  -  [31/Mar/2015:11:34:48 +0000] "GET /solr/extension/select/?q=*%3A*&version=2.2&start=0&rows=10&indent=on HTTP/1.1" 200 1509 "http://localhost:8983/solr/extension/admin/" "Mozilla/5.0 (Windows NT 6.1; WOW64) AppleWebKit/537.36 (KHTML, like Gecko) Chrome/41.0.2272.101 Safari/537.36"
0:0:0:0:0:0:0:1 -  -  [31/Mar/2015:11:34:48 +0000] "GET /solr/extension/select/?q=*%3A*&version=2.2&start=0&rows=10&indent=on HTTP/1.1" 200 1509 "http://localhost:8983/solr/extension/admin/" "Mozilla/5.0 (Windows NT 6.1; WOW64) AppleWebKit/537.36 (KHTML, like Gecko) Chrome/41.0.2272.101 Safari/537.36"
0:0:0:0:0:0:0:1 -  -  [31/Mar/2015:11:34:48 +0000] "GET /solr/extension/select/?q=*%3A*&version=2.2&start=0&rows=10&indent=on HTTP/1.1" 200 1509 "http://localhost:8983/solr/extension/admin/" "Mozilla/5.0 (Windows NT 6.1; WOW64) AppleWebKit/537.36 (KHTML, like Gecko) Chrome/41.0.2272.101 Safari/537.36"
0:0:0:0:0:0:0:1 -  -  [31/Mar/2015:11:34:48 +0000] "GET /solr/extension/select/?q=*%3A*&version=2.2&start=0&rows=10&indent=on HTTP/1.1" 200 1509 "http://localhost:8983/solr/extension/admin/" "Mozilla/5.0 (Windows NT 6.1; WOW64) AppleWebKit/537.36 (KHTML, like Gecko) Chrome/41.0.2272.101 Safari/537.36"
0:0:0:0:0:0:0:1 -  -  [31/Mar/2015:11:34:48 +0000] "GET /solr/extension/select/?q=*%3A*&version=2.2&start=0&rows=10&indent=on HTTP/1.1" 200 1510 "http://localhost:8983/solr/extension/admin/" "Mozilla/5.0 (Windows NT 6.1; WOW64) AppleWebKit/537.36 (KHTML, like Gecko) Chrome/41.0.2272.101 Safari/537.36"
0:0:0:0:0:0:0:1 -  -  [31/Mar/2015:11:34:49 +0000] "GET /solr/extension/select/?q=*%3A*&version=2.2&start=0&rows=10&indent=on HTTP/1.1" 200 1509 "http://localhost:8983/solr/extension/admin/" "Mozilla/5.0 (Windows NT 6.1; WOW64) AppleWebKit/537.36 (KHTML, like Gecko) Chrome/41.0.2272.101 Safari/537.36"
0:0:0:0:0:0:0:1 -  -  [31/Mar/2015:11:34:49 +0000] "GET /solr/extension/select/?q=*%3A*&version=2.2&start=0&rows=10&indent=on HTTP/1.1" 200 1509 "http://localhost:8983/solr/extension/admin/" "Mozilla/5.0 (Windows NT 6.1; WOW64) AppleWebKit/537.36 (KHTML, like Gecko) Chrome/41.0.2272.101 Safari/537.36"
0:0:0:0:0:0:0:1 -  -  [31/Mar/2015:11:34:49 +0000] "GET /solr/extension/select/?q=*%3A*&version=2.2&start=0&rows=10&indent=on HTTP/1.1" 200 1509 "http://localhost:8983/solr/extension/admin/" "Mozilla/5.0 (Windows NT 6.1; WOW64) AppleWebKit/537.36 (KHTML, like Gecko) Chrome/41.0.2272.101 Safari/537.36"
0:0:0:0:0:0:0:1 -  -  [31/Mar/2015:11:34:49 +0000] "GET /solr/extension/select/?q=*%3A*&version=2.2&start=0&rows=10&indent=on HTTP/1.1" 200 1509 "http://localhost:8983/solr/extension/admin/" "Mozilla/5.0 (Windows NT 6.1; WOW64) AppleWebKit/537.36 (KHTML, like Gecko) Chrome/41.0.2272.101 Safari/537.36"
0:0:0:0:0:0:0:1 -  -  [31/Mar/2015:11:34:49 +0000] "GET /solr/extension/select/?q=*%3A*&version=2.2&start=0&rows=10&indent=on HTTP/1.1" 200 1509 "http://localhost:8983/solr/extension/admin/" "Mozilla/5.0 (Windows NT 6.1; WOW64) AppleWebKit/537.36 (KHTML, like Gecko) Chrome/41.0.2272.101 Safari/537.36"
0:0:0:0:0:0:0:1 -  -  [31/Mar/2015:11:36:35 +0000] "POST /solr/extension/update HTTP/1.1" 200 147 "-" "-" 
0:0:0:0:0:0:0:1 -  -  [31/Mar/2015:11:36:35 +0000] "POST /solr/extension/update HTTP/1.1" 200 147 "-" "-" 
0:0:0:0:0:0:0:1 -  -  [31/Mar/2015:11:36:35 +0000] "POST /solr/extension/update HTTP/1.1" 200 148 "-" "-" 
0:0:0:0:0:0:0:1 -  -  [31/Mar/2015:11:41:07 +0000] "POST /solr/extension/update HTTP/1.1" 200 148 "-" "-" 
0:0:0:0:0:0:0:1 -  -  [31/Mar/2015:11:41:07 +0000] "POST /solr/extension/update HTTP/1.1" 200 148 "-" "-" 
0:0:0:0:0:0:0:1 -  -  [31/Mar/2015:11:41:07 +0000] "POST /solr/extension/update HTTP/1.1" 200 148 "-" "-" 
0:0:0:0:0:0:0:1 -  -  [31/Mar/2015:11:41:11 +0000] "GET /solr/extension/select/?q=*%3A*&version=2.2&start=0&rows=10&indent=on HTTP/1.1" 200 1509 "http://localhost:8983/solr/extension/admin/" "Mozilla/5.0 (Windows NT 6.1; WOW64) AppleWebKit/537.36 (KHTML, like Gecko) Chrome/41.0.2272.101 Safari/537.36"
0:0:0:0:0:0:0:1 -  -  [31/Mar/2015:11:41:12 +0000] "GET /favicon.ico HTTP/1.1" 200 1150 "-" "Mozilla/5.0 (Windows NT 6.1; WOW64) AppleWebKit/537.36 (KHTML, like Gecko) Chrome/41.0.2272.101 Safari/537.36"
0:0:0:0:0:0:0:1 -  -  [31/Mar/2015:11:41:19 +0000] "GET /solr/extension/select/?q=*%3A*&version=2.2&start=0&rows=10&indent=on HTTP/1.1" 200 1509 "http://localhost:8983/solr/extension/admin/" "Mozilla/5.0 (Windows NT 6.1; WOW64) AppleWebKit/537.36 (KHTML, like Gecko) Chrome/41.0.2272.101 Safari/537.36"
0:0:0:0:0:0:0:1 -  -  [31/Mar/2015:11:41:19 +0000] "GET /solr/extension/select/?q=*%3A*&version=2.2&start=0&rows=10&indent=on HTTP/1.1" 200 1509 "http://localhost:8983/solr/extension/admin/" "Mozilla/5.0 (Windows NT 6.1; WOW64) AppleWebKit/537.36 (KHTML, like Gecko) Chrome/41.0.2272.101 Safari/537.36"
0:0:0:0:0:0:0:1 -  -  [31/Mar/2015:11:41:20 +0000] "GET /solr/extension/select/?q=*%3A*&version=2.2&start=0&rows=10&indent=on HTTP/1.1" 200 1509 "http://localhost:8983/solr/extension/admin/" "Mozilla/5.0 (Windows NT 6.1; WOW64) AppleWebKit/537.36 (KHTML, like Gecko) Chrome/41.0.2272.101 Safari/537.36"
0:0:0:0:0:0:0:1 -  -  [31/Mar/2015:11:41:20 +0000] "GET /solr/extension/select/?q=*%3A*&version=2.2&start=0&rows=10&indent=on HTTP/1.1" 200 1509 "http://localhost:8983/solr/extension/admin/" "Mozilla/5.0 (Windows NT 6.1; WOW64) AppleWebKit/537.36 (KHTML, like Gecko) Chrome/41.0.2272.101 Safari/537.36"
0:0:0:0:0:0:0:1 -  -  [31/Mar/2015:11:41:20 +0000] "GET /solr/extension/select/?q=*%3A*&version=2.2&start=0&rows=10&indent=on HTTP/1.1" 200 1509 "http://localhost:8983/solr/extension/admin/" "Mozilla/5.0 (Windows NT 6.1; WOW64) AppleWebKit/537.36 (KHTML, like Gecko) Chrome/41.0.2272.101 Safari/537.36"
0:0:0:0:0:0:0:1 -  -  [31/Mar/2015:11:41:55 +0000] "POST /solr/extension/update HTTP/1.1" 200 148 "-" "-" 
0:0:0:0:0:0:0:1 -  -  [31/Mar/2015:11:41:55 +0000] "POST /solr/extension/update HTTP/1.1" 200 147 "-" "-" 
0:0:0:0:0:0:0:1 -  -  [31/Mar/2015:11:41:55 +0000] "POST /solr/extension/update HTTP/1.1" 200 148 "-" "-" 
0:0:0:0:0:0:0:1 -  -  [31/Mar/2015:11:42:01 +0000] "GET /solr/extension/select/?q=*%3A*&version=2.2&start=0&rows=10&indent=on HTTP/1.1" 200 1509 "http://localhost:8983/solr/extension/admin/" "Mozilla/5.0 (Windows NT 6.1; WOW64) AppleWebKit/537.36 (KHTML, like Gecko) Chrome/41.0.2272.101 Safari/537.36"
0:0:0:0:0:0:0:1 -  -  [31/Mar/2015:11:42:01 +0000] "GET /favicon.ico HTTP/1.1" 304 0 "-" "Mozilla/5.0 (Windows NT 6.1; WOW64) AppleWebKit/537.36 (KHTML, like Gecko) Chrome/41.0.2272.101 Safari/537.36"
0:0:0:0:0:0:0:1 -  -  [31/Mar/2015:11:43:36 +0000] "POST /solr/extension/update HTTP/1.1" 200 148 "-" "-" 
0:0:0:0:0:0:0:1 -  -  [31/Mar/2015:11:43:36 +0000] "POST /solr/extension/update HTTP/1.1" 200 148 "-" "-" 
0:0:0:0:0:0:0:1 -  -  [31/Mar/2015:11:43:36 +0000] "POST /solr/extension/update HTTP/1.1" 200 148 "-" "-" 
0:0:0:0:0:0:0:1 -  -  [31/Mar/2015:11:45:05 +0000] "POST /solr/extension/update HTTP/1.1" 200 148 "-" "-" 
0:0:0:0:0:0:0:1 -  -  [31/Mar/2015:11:45:06 +0000] "POST /solr/extension/update HTTP/1.1" 200 147 "-" "-" 
0:0:0:0:0:0:0:1 -  -  [31/Mar/2015:11:45:06 +0000] "POST /solr/extension/update HTTP/1.1" 200 148 "-" "-" 
0:0:0:0:0:0:0:1 -  -  [31/Mar/2015:11:49:37 +0000] "POST /solr/extension/update HTTP/1.1" 200 148 "-" "-" 
0:0:0:0:0:0:0:1 -  -  [31/Mar/2015:11:49:37 +0000] "POST /solr/extension/update HTTP/1.1" 200 147 "-" "-" 
0:0:0:0:0:0:0:1 -  -  [31/Mar/2015:11:49:37 +0000] "POST /solr/extension/update HTTP/1.1" 200 148 "-" "-" 
0:0:0:0:0:0:0:1 -  -  [31/Mar/2015:11:51:25 +0000] "POST /solr/extension/update HTTP/1.1" 200 148 "-" "-" 
0:0:0:0:0:0:0:1 -  -  [31/Mar/2015:11:51:25 +0000] "POST /solr/extension/update HTTP/1.1" 200 147 "-" "-" 
0:0:0:0:0:0:0:1 -  -  [31/Mar/2015:11:51:25 +0000] "POST /solr/extension/update HTTP/1.1" 200 148 "-" "-" 
0:0:0:0:0:0:0:1 -  -  [31/Mar/2015:11:51:33 +0000] "GET /solr/extension/select/?q=*%3A*&version=2.2&start=0&rows=10&indent=on HTTP/1.1" 200 1629 "http://localhost:8983/solr/extension/admin/" "Mozilla/5.0 (Windows NT 6.1; WOW64) AppleWebKit/537.36 (KHTML, like Gecko) Chrome/41.0.2272.101 Safari/537.36"
0:0:0:0:0:0:0:1 -  -  [31/Mar/2015:11:51:33 +0000] "GET /favicon.ico HTTP/1.1" 304 0 "-" "Mozilla/5.0 (Windows NT 6.1; WOW64) AppleWebKit/537.36 (KHTML, like Gecko) Chrome/41.0.2272.101 Safari/537.36"
0:0:0:0:0:0:0:1 -  -  [31/Mar/2015:11:52:55 +0000] "POST /solr/extension/update HTTP/1.1" 200 148 "-" "-" 
0:0:0:0:0:0:0:1 -  -  [31/Mar/2015:11:52:55 +0000] "POST /solr/extension/update HTTP/1.1" 200 147 "-" "-" 
0:0:0:0:0:0:0:1 -  -  [31/Mar/2015:11:52:55 +0000] "POST /solr/extension/update HTTP/1.1" 200 148 "-" "-" 
0:0:0:0:0:0:0:1 -  -  [31/Mar/2015:11:52:59 +0000] "GET /solr/extension/select/?q=*%3A*&version=2.2&start=0&rows=10&indent=on HTTP/1.1" 200 1571 "http://localhost:8983/solr/extension/admin/" "Mozilla/5.0 (Windows NT 6.1; WOW64) AppleWebKit/537.36 (KHTML, like Gecko) Chrome/41.0.2272.101 Safari/537.36"
0:0:0:0:0:0:0:1 -  -  [31/Mar/2015:11:54:01 +0000] "GET /solr/extension/select?facet.mincount=1&facet.field=facet&facet=true&rows=100000000&q=contenttype%3afeatureshowcase&? HTTP/1.1" 200 1791 "-" "-" 
